Messages will be dropped with probability=0.000000
Messages will be corrupted with probability=0.000000
Available sender id(s):
   send_id=0
   send_id=1
   send_id=2
Available receiver id(s):
   recv_id=0
   recv_id=1
   recv_id=2
0 send to 0, data =  Packet:1
0 recv from 0, data =  Packet:1
0 ack 0, seq =  0
0 send to 0, data =  Packet:2
0 recv from 0, data =  Packet:2
0 ack 0, seq =  1
0 send to 0, data =  Packet:3
0 recv from 0, data =  Packet:3
0 ack 0, seq =  2
0 send to 0, data =  Packet:4
0 recv from 0, data =  Packet:4
0 ack 0, seq =  3
0 send to 0, data =  Packet:5
0 recv from 0, data =  Packet:5
0 ack 0, seq =  4
0 send to 0, data =  Packet:6
0 recv from 0, data =  Packet:6
0 ack 0, seq =  5
0 send to 0, data =  Packet:7
0 recv from 0, data =  Packet:7
0 ack 0, seq =  6
0 send to 0, data =  Packet:8
0 recv from 0, data =  Packet:8
0 ack 0, seq =  7
0 send to 0, data =  Packet:9
0 recv from 0, data =  Packet:9
0 ack 0, seq =  8
0 send to 0, data =  Packet:10
0 recv from 0, data =  Packet:10
0 ack 0, seq =  9
0 send to 1, data =  Packet:1
1 recv from 0, data =  Packet:1
1 ack 0, seq =  0
0 send to 1, data =  Packet:2
1 recv from 0, data =  Packet:2
1 ack 0, seq =  1
0 send to 1, data =  Packet:3
1 recv from 0, data =  Packet:3
1 ack 0, seq =  2
0 send to 1, data =  Packet:4
1 recv from 0, data =  Packet:4
1 ack 0, seq =  3
0 send to 1, data =  Packet:5
1 recv from 0, data =  Packet:5
1 ack 0, seq =  4
0 send to 1, data =  Packet:6
1 recv from 0, data =  Packet:6
1 ack 0, seq =  5
0 send to 1, data =  Packet:7
1 recv from 0, data =  Packet:7
1 ack 0, seq =  6
0 send to 1, data =  Packet:8
1 recv from 0, data =  Packet:8
1 ack 0, seq =  7
0 send to 1, data =  Packet:9
1 recv from 0, data =  Packet:9
1 ack 0, seq =  8
0 send to 1, data =  Packet:10
1 recv from 0, data =  Packet:10
1 ack 0, seq =  9
0 send to 2, data =  Packet:1
2 recv from 0, data =  Packet:1
2 ack 0, seq =  0
0 send to 2, data =  Packet:2
2 recv from 0, data =  Packet:2
2 ack 0, seq =  1
0 send to 2, data =  Packet:3
2 recv from 0, data =  Packet:3
2 ack 0, seq =  2
0 send to 2, data =  Packet:4
2 recv from 0, data =  Packet:4
2 ack 0, seq =  3
0 send to 2, data =  Packet:5
2 recv from 0, data =  Packet:5
2 ack 0, seq =  4
0 send to 2, data =  Packet:6
2 recv from 0, data =  Packet:6
2 ack 0, seq =  5
0 send to 2, data =  Packet:7
2 recv from 0, data =  Packet:7
2 ack 0, seq =  6
0 send to 2, data =  Packet:8
2 recv from 0, data =  Packet:8
2 ack 0, seq =  7
0 send to 2, data =  Packet:9
2 recv from 0, data =  Packet:9
2 ack 0, seq =  8
0 send to 2, data =  Packet:10
2 recv from 0, data =  Packet:10
2 ack 0, seq =  9
1 send to 0, data =  Packet:1
0 recv from 1, data =  Packet:1
0 ack 1, seq =  0
1 send to 0, data =  Packet:2
0 recv from 1, data =  Packet:2
0 ack 1, seq =  1
1 send to 0, data =  Packet:3
0 recv from 1, data =  Packet:3
0 ack 1, seq =  2
1 send to 0, data =  Packet:4
0 recv from 1, data =  Packet:4
0 ack 1, seq =  3
1 send to 0, data =  Packet:5
0 recv from 1, data =  Packet:5
0 ack 1, seq =  4
1 send to 0, data =  Packet:6
0 recv from 1, data =  Packet:6
0 ack 1, seq =  5
1 send to 0, data =  Packet:7
0 recv from 1, data =  Packet:7
0 ack 1, seq =  6
1 send to 0, data =  Packet:8
0 recv from 1, data =  Packet:8
0 ack 1, seq =  7
1 send to 0, data =  Packet:9
0 recv from 1, data =  Packet:9
0 ack 1, seq =  8
1 send to 0, data =  Packet:10
0 recv from 1, data =  Packet:10
0 ack 1, seq =  9
1 send to 1, data =  Packet:1
1 recv from 1, data =  Packet:1
1 ack 1, seq =  0
1 send to 1, data =  Packet:2
1 recv from 1, data =  Packet:2
1 ack 1, seq =  1
1 send to 1, data =  Packet:3
1 recv from 1, data =  Packet:3
1 ack 1, seq =  2
1 send to 1, data =  Packet:4
1 recv from 1, data =  Packet:4
1 ack 1, seq =  3
1 send to 1, data =  Packet:5
1 recv from 1, data =  Packet:5
1 ack 1, seq =  4
1 send to 1, data =  Packet:6
1 recv from 1, data =  Packet:6
1 ack 1, seq =  5
1 send to 1, data =  Packet:7
1 recv from 1, data =  Packet:7
1 ack 1, seq =  6
1 send to 1, data =  Packet:8
1 recv from 1, data =  Packet:8
1 ack 1, seq =  7
1 send to 1, data =  Packet:9
1 recv from 1, data =  Packet:9
1 ack 1, seq =  8
1 send to 1, data =  Packet:10
1 recv from 1, data =  Packet:10
1 ack 1, seq =  9
1 send to 2, data =  Packet:1
2 recv from 1, data =  Packet:1
2 ack 1, seq =  0
1 send to 2, data =  Packet:2
2 recv from 1, data =  Packet:2
2 ack 1, seq =  1
1 send to 2, data =  Packet:3
2 recv from 1, data =  Packet:3
2 ack 1, seq =  2
1 send to 2, data =  Packet:4
2 recv from 1, data =  Packet:4
2 ack 1, seq =  3
1 send to 2, data =  Packet:5
2 recv from 1, data =  Packet:5
2 ack 1, seq =  4
1 send to 2, data =  Packet:6
2 recv from 1, data =  Packet:6
2 ack 1, seq =  5
1 send to 2, data =  Packet:7
2 recv from 1, data =  Packet:7
2 ack 1, seq =  6
1 send to 2, data =  Packet:8
2 recv from 1, data =  Packet:8
2 ack 1, seq =  7
1 send to 2, data =  Packet:9
2 recv from 1, data =  Packet:9
2 ack 1, seq =  8
1 send to 2, data =  Packet:10
2 recv from 1, data =  Packet:10
2 ack 1, seq =  9
2 send to 0, data =  Packet:1
0 recv from 2, data =  Packet:1
0 ack 2, seq =  0
2 send to 0, data =  Packet:2
0 recv from 2, data =  Packet:2
0 ack 2, seq =  1
2 send to 0, data =  Packet:3
0 recv from 2, data =  Packet:3
0 ack 2, seq =  2
2 send to 0, data =  Packet:4
0 recv from 2, data =  Packet:4
0 ack 2, seq =  3
2 send to 0, data =  Packet:5
0 recv from 2, data =  Packet:5
0 ack 2, seq =  4
2 send to 0, data =  Packet:6
0 recv from 2, data =  Packet:6
0 ack 2, seq =  5
2 send to 0, data =  Packet:7
0 recv from 2, data =  Packet:7
0 ack 2, seq =  6
2 send to 0, data =  Packet:8
0 recv from 2, data =  Packet:8
0 ack 2, seq =  7
2 send to 0, data =  Packet:9
0 recv from 2, data =  Packet:9
0 ack 2, seq =  8
2 send to 0, data =  Packet:10
0 recv from 2, data =  Packet:10
0 ack 2, seq =  9
2 send to 1, data =  Packet:1
1 recv from 2, data =  Packet:1
1 ack 2, seq =  0
2 send to 1, data =  Packet:2
1 recv from 2, data =  Packet:2
1 ack 2, seq =  1
2 send to 1, data =  Packet:3
1 recv from 2, data =  Packet:3
1 ack 2, seq =  2
2 send to 1, data =  Packet:4
1 recv from 2, data =  Packet:4
1 ack 2, seq =  3
2 send to 1, data =  Packet:5
1 recv from 2, data =  Packet:5
1 ack 2, seq =  4
2 send to 1, data =  Packet:6
1 recv from 2, data =  Packet:6
1 ack 2, seq =  5
2 send to 1, data =  Packet:7
1 recv from 2, data =  Packet:7
1 ack 2, seq =  6
2 send to 1, data =  Packet:8
1 recv from 2, data =  Packet:8
1 ack 2, seq =  7
2 send to 1, data =  Packet:9
1 recv from 2, data =  Packet:9
1 ack 2, seq =  8
2 send to 1, data =  Packet:10
1 recv from 2, data =  Packet:10
1 ack 2, seq =  9
2 send to 2, data =  Packet:1
2 recv from 2, data =  Packet:1
2 ack 2, seq =  0
2 send to 2, data =  Packet:2
2 recv from 2, data =  Packet:2
2 ack 2, seq =  1
2 send to 2, data =  Packet:3
2 recv from 2, data =  Packet:3
2 ack 2, seq =  2
2 send to 2, data =  Packet:4
2 recv from 2, data =  Packet:4
2 ack 2, seq =  3
2 send to 2, data =  Packet:5
2 recv from 2, data =  Packet:5
2 ack 2, seq =  4
2 send to 2, data =  Packet:6
2 recv from 2, data =  Packet:6
2 ack 2, seq =  5
2 send to 2, data =  Packet:7
2 recv from 2, data =  Packet:7
2 ack 2, seq =  6
2 send to 2, data =  Packet:8
2 recv from 2, data =  Packet:8
2 ack 2, seq =  7
2 send to 2, data =  Packet:9
2 recv from 2, data =  Packet:9
2 ack 2, seq =  8
2 send to 2, data =  Packet:10
2 recv from 2, data =  Packet:10
2 ack 2, seq =  9
