Messages will be dropped with probability=0.200000
Messages will be corrupted with probability=0.200000
Available sender id(s):
   send_id=0
Available receiver id(s):
   recv_id=0
0 send to 0, data =  Packet: 1 Hello Wor
0 send to 0, data =  ld Hello World Hell
0 send to 0, data =  o World Hello World
0 send to 0, data =   Hello World Hello 
0 send to 0, data =  World Hello World H
0 send to 0, data =  ello World Hello Wo
0 send to 0, data =  rld Hello World Hel
0 send to 0, data =  lo World Hello Worl
noackSeq = 0, lastSeq = 7 
0: full
0 recv from 0, data =  Packet: 1 Hello Wor
0 recv from 0, data =  ld Hello World Hell
0 recv from 0, data =  World Hello World H
0 recv from 0, data =  ello World Hello Wo
0 recv from 0, data =  rld Hello World Hel
0 recv from 0, data =  lo World Hello Worl
0 ack 0, seq =  1
0 ack 0, seq =  4
0 ack 0, seq =  6
0 ack 0, seq =  7
noackSeq = 0, lastSeq = 7 
0: full
noackSeq = 0, lastSeq = 7 
0: full
0 recv from 0, data =  Packet: 1 Hello Wor
0 recv from 0, data =  o World Hello World
0 recv from 0, data =   Hello World Hello 
0 recv from 0, data =  ello World Hello Wo
0 ack 0, seq =  0
0 ack 0, seq =  2
0 ack 0, seq =  3
0 ack 0, seq =  5
0 send to 0, data =  d
0 recv from 0, data =  d
0 ack 0, seq =  8
0 send to 0, data =  Packet: 2 Hello Wor
0 send to 0, data =  ld Hello World Hell
0 send to 0, data =  o World Hello World
0 send to 0, data =   Hello World Hello 
0 send to 0, data =  World Hello World H
0 send to 0, data =  ello World Hello Wo
0 send to 0, data =  rld Hello World Hel
0 send to 0, data =  lo World Hello Worl
noackSeq = 9, lastSeq = 16 
0: full
0 recv from 0, data =  ld Hello World Hell
0 recv from 0, data =  ello World Hello Wo
0 recv from 0, data =  rld Hello World Hel
0 recv from 0, data =  lo World Hello Worl
0 ack 0, seq =  10
0 ack 0, seq =  14
0 ack 0, seq =  15
noackSeq = 9, lastSeq = 16 
0: full
noackSeq = 9, lastSeq = 16 
0: full
0 recv from 0, data =  lo World Hello Worl
0 recv from 0, data =  Packet: 2 Hello Wor
0 recv from 0, data =  o World Hello World
0 recv from 0, data =   Hello World Hello 
0 recv from 0, data =  World Hello World H
0 ack 0, seq =  9
0 ack 0, seq =  11
0 ack 0, seq =  12
0 send to 0, data =  d
0 recv from 0, data =  d
0 ack 0, seq =  17
0 send to 0, data =  Packet: 3 Hello Wor
0 send to 0, data =  ld Hello World Hell
0 send to 0, data =  o World Hello World
noackSeq = 13, lastSeq = 20 
0: full
noackSeq = 13, lastSeq = 20 
0: full
noackSeq = 13, lastSeq = 20 
0: full
noackSeq = 13, lastSeq = 20 
0: full
noackSeq = 13, lastSeq = 20 
0: full
noackSeq = 13, lastSeq = 20 
0: full
0 recv from 0, data =  ld Hello World Hell
0 recv from 0, data =  o World Hello World
0 ack 0, seq =  19
noackSeq = 13, lastSeq = 20 
0: full
noackSeq = 13, lastSeq = 20 
0: full
noackSeq = 13, lastSeq = 20 
0: full
noackSeq = 13, lastSeq = 20 
0: full
noackSeq = 13, lastSeq = 20 
0: full
noackSeq = 13, lastSeq = 20 
0: full
noackSeq = 13, lastSeq = 20 
0: full
noackSeq = 13, lastSeq = 20 
0: full
noackSeq = 13, lastSeq = 20 
0: full
noackSeq = 13, lastSeq = 20 
0: full
noackSeq = 13, lastSeq = 20 
0: full
noackSeq = 13, lastSeq = 20 
0: full
0 recv from 0, data =  Packet: 3 Hello Wor
0 ack 0, seq =  18
noackSeq = 13, lastSeq = 20 
0: full
noackSeq = 13, lastSeq = 20 
0: full
noackSeq = 13, lastSeq = 20 
0: full
noackSeq = 13, lastSeq = 20 
0: full
noackSeq = 13, lastSeq = 20 
0: full
noackSeq = 13, lastSeq = 20 
0: full
0 recv from 0, data =  World Hello World H
0 ack 0, seq =  13
0 send to 0, data =   Hello World Hello 
0 send to 0, data =  World Hello World H
0 send to 0, data =  ello World Hello Wo
noackSeq = 16, lastSeq = 23 
0: full
noackSeq = 16, lastSeq = 23 
0: full
noackSeq = 16, lastSeq = 23 
0: full
0 recv from 0, data =   Hello World Hello 
0 recv from 0, data =  World Hello World H
0 recv from 0, data =  ello World Hello Wo
0 ack 0, seq =  21
0 ack 0, seq =  22
0 ack 0, seq =  23
noackSeq = 16, lastSeq = 23 
0: full
noackSeq = 16, lastSeq = 23 
0: full
noackSeq = 16, lastSeq = 23 
0: full
noackSeq = 16, lastSeq = 23 
0: full
noackSeq = 16, lastSeq = 23 
0: full
noackSeq = 16, lastSeq = 23 
0: full
noackSeq = 16, lastSeq = 23 
0: full
noackSeq = 16, lastSeq = 23 
0: full
noackSeq = 16, lastSeq = 23 
0: full
noackSeq = 16, lastSeq = 23 
0: full
noackSeq = 16, lastSeq = 23 
0: full
noackSeq = 16, lastSeq = 23 
0: full
noackSeq = 16, lastSeq = 23 
0: full
noackSeq = 16, lastSeq = 23 
0: full
noackSeq = 16, lastSeq = 23 
0: full
noackSeq = 16, lastSeq = 23 
0: full
noackSeq = 16, lastSeq = 23 
0: full
noackSeq = 16, lastSeq = 23 
0: full
noackSeq = 16, lastSeq = 23 
0: full
noackSeq = 16, lastSeq = 23 
0: full
noackSeq = 16, lastSeq = 23 
0: full
noackSeq = 16, lastSeq = 23 
0: full
noackSeq = 16, lastSeq = 23 
0: full
0 recv from 0, data =  lo World Hello Worl
0 ack 0, seq =  16
0 send to 0, data =  rld Hello World Hel
0 send to 0, data =  lo World Hello Worl
0 send to 0, data =  d
0 send to 0, data =  Packet: 4 Hello Wor
noackSeq = 20, lastSeq = 27 
0: full
noackSeq = 20, lastSeq = 27 
0: full
noackSeq = 20, lastSeq = 27 
0: full
noackSeq = 20, lastSeq = 27 
0: full
noackSeq = 20, lastSeq = 27 
0: full
noackSeq = 20, lastSeq = 27 
0: full
noackSeq = 20, lastSeq = 27 
0: full
noackSeq = 20, lastSeq = 27 
0: full
0 recv from 0, data =  rld Hello World Hel
0 recv from 0, data =  lo World Hello Worl
0 recv from 0, data =  Packet: 4 Hello Wor
0 ack 0, seq =  24
0 ack 0, seq =  27
noackSeq = 20, lastSeq = 27 
0: full
noackSeq = 20, lastSeq = 27 
0: full
noackSeq = 20, lastSeq = 27 
0: full
noackSeq = 20, lastSeq = 27 
0: full
noackSeq = 20, lastSeq = 27 
0: full
noackSeq = 20, lastSeq = 27 
0: full
noackSeq = 20, lastSeq = 27 
0: full
noackSeq = 20, lastSeq = 27 
0: full
noackSeq = 20, lastSeq = 27 
0: full
noackSeq = 20, lastSeq = 27 
0: full
noackSeq = 20, lastSeq = 27 
0: full
noackSeq = 20, lastSeq = 27 
0: full
noackSeq = 20, lastSeq = 27 
0: full
noackSeq = 20, lastSeq = 27 
0: full
noackSeq = 20, lastSeq = 27 
0: full
noackSeq = 20, lastSeq = 27 
0: full
noackSeq = 20, lastSeq = 27 
0: full
noackSeq = 20, lastSeq = 27 
0: full
noackSeq = 20, lastSeq = 27 
0: full
noackSeq = 20, lastSeq = 27 
0: full
noackSeq = 20, lastSeq = 27 
0: full
noackSeq = 20, lastSeq = 27 
0: full
noackSeq = 20, lastSeq = 27 
0: full
noackSeq = 20, lastSeq = 27 
0: full
noackSeq = 20, lastSeq = 27 
0: full
noackSeq = 20, lastSeq = 27 
0: full
noackSeq = 20, lastSeq = 27 
0: full
noackSeq = 20, lastSeq = 27 
0: full
0 recv from 0, data =  lo World Hello Worl
0 recv from 0, data =  d
0 recv from 0, data =  o World Hello World
0 ack 0, seq =  25
0 ack 0, seq =  26
0 ack 0, seq =  20
0 send to 0, data =  ld Hello World Hell
0 send to 0, data =  o World Hello World
0 send to 0, data =   Hello World Hello 
0 send to 0, data =  World Hello World H
0 send to 0, data =  ello World Hello Wo
0 send to 0, data =  rld Hello World Hel
0 send to 0, data =  lo World Hello Worl
0 send to 0, data =  d
noackSeq = 28, lastSeq = 35 
0: full
noackSeq = 28, lastSeq = 35 
0: full
noackSeq = 28, lastSeq = 35 
0: full
noackSeq = 28, lastSeq = 35 
0: full
noackSeq = 28, lastSeq = 35 
0: full
noackSeq = 28, lastSeq = 35 
0: full
noackSeq = 28, lastSeq = 35 
0: full
noackSeq = 28, lastSeq = 35 
0: full
noackSeq = 28, lastSeq = 35 
0: full
0 recv from 0, data =  ld Hello World Hell
0 recv from 0, data =  World Hello World H
0 recv from 0, data =  ello World Hello Wo
0 recv from 0, data =  rld Hello World Hel
0 recv from 0, data =  lo World Hello Worl
0 recv from 0, data =  d
0 ack 0, seq =  28
0 send to 0, data =  Packet: 5 Hello Wor
noackSeq = 29, lastSeq = 36 
0: full
noackSeq = 29, lastSeq = 36 
0: full
noackSeq = 29, lastSeq = 36 
0: full
noackSeq = 29, lastSeq = 36 
0: full
noackSeq = 29, lastSeq = 36 
0: full
noackSeq = 29, lastSeq = 36 
0: full
noackSeq = 29, lastSeq = 36 
0: full
noackSeq = 29, lastSeq = 36 
0: full
0 recv from 0, data =  Packet: 5 Hello Wor
noackSeq = 29, lastSeq = 36 
0: full
noackSeq = 29, lastSeq = 36 
0: full
noackSeq = 29, lastSeq = 36 
0: full
noackSeq = 29, lastSeq = 36 
0: full
noackSeq = 29, lastSeq = 36 
0: full
noackSeq = 29, lastSeq = 36 
0: full
noackSeq = 29, lastSeq = 36 
0: full
noackSeq = 29, lastSeq = 36 
0: full
noackSeq = 29, lastSeq = 36 
0: full
noackSeq = 29, lastSeq = 36 
0: full
noackSeq = 29, lastSeq = 36 
0: full
noackSeq = 29, lastSeq = 36 
0: full
noackSeq = 29, lastSeq = 36 
0: full
noackSeq = 29, lastSeq = 36 
0: full
noackSeq = 29, lastSeq = 36 
0: full
noackSeq = 29, lastSeq = 36 
0: full
noackSeq = 29, lastSeq = 36 
0: full
noackSeq = 29, lastSeq = 36 
0: full
noackSeq = 29, lastSeq = 36 
0: full
noackSeq = 29, lastSeq = 36 
0: full
noackSeq = 29, lastSeq = 36 
0: full
noackSeq = 29, lastSeq = 36 
0: full
noackSeq = 29, lastSeq = 36 
0: full
noackSeq = 29, lastSeq = 36 
0: full
noackSeq = 29, lastSeq = 36 
0: full
noackSeq = 29, lastSeq = 36 
0: full
noackSeq = 29, lastSeq = 36 
0: full
noackSeq = 29, lastSeq = 36 
0: full
0 recv from 0, data =  lo World Hello Worl
0 recv from 0, data =  d
0 recv from 0, data =  o World Hello World
0 recv from 0, data =   Hello World Hello 
0 ack 0, seq =  34
0 ack 0, seq =  35
0 ack 0, seq =  29
0 ack 0, seq =  30
0 send to 0, data =  ld Hello World Hell
0 send to 0, data =  o World Hello World
noackSeq = 31, lastSeq = 38 
0: full
noackSeq = 31, lastSeq = 38 
0: full
noackSeq = 31, lastSeq = 38 
0: full
noackSeq = 31, lastSeq = 38 
0: full
noackSeq = 31, lastSeq = 38 
0: full
noackSeq = 31, lastSeq = 38 
0: full
noackSeq = 31, lastSeq = 38 
0: full
noackSeq = 31, lastSeq = 38 
0: full
noackSeq = 31, lastSeq = 38 
0: full
noackSeq = 31, lastSeq = 38 
0: full
0 recv from 0, data =  ld Hello World Hell
0 recv from 0, data =  o World Hello World
0 ack 0, seq =  37
noackSeq = 31, lastSeq = 38 
0: full
noackSeq = 31, lastSeq = 38 
0: full
noackSeq = 31, lastSeq = 38 
0: full
noackSeq = 31, lastSeq = 38 
0: full
noackSeq = 31, lastSeq = 38 
0: full
noackSeq = 31, lastSeq = 38 
0: full
noackSeq = 31, lastSeq = 38 
0: full
noackSeq = 31, lastSeq = 38 
0: full
noackSeq = 31, lastSeq = 38 
0: full
noackSeq = 31, lastSeq = 38 
0: full
noackSeq = 31, lastSeq = 38 
0: full
noackSeq = 31, lastSeq = 38 
0: full
noackSeq = 31, lastSeq = 38 
0: full
noackSeq = 31, lastSeq = 38 
0: full
noackSeq = 31, lastSeq = 38 
0: full
noackSeq = 31, lastSeq = 38 
0: full
noackSeq = 31, lastSeq = 38 
0: full
noackSeq = 31, lastSeq = 38 
0: full
noackSeq = 31, lastSeq = 38 
0: full
noackSeq = 31, lastSeq = 38 
0: full
0 recv from 0, data =  ello World Hello Wo
noackSeq = 31, lastSeq = 38 
0: full
noackSeq = 31, lastSeq = 38 
0: full
noackSeq = 31, lastSeq = 38 
0: full
noackSeq = 31, lastSeq = 38 
0: full
noackSeq = 31, lastSeq = 38 
0: full
noackSeq = 31, lastSeq = 38 
0: full
noackSeq = 31, lastSeq = 38 
0: full
noackSeq = 31, lastSeq = 38 
0: full
noackSeq = 31, lastSeq = 38 
0: full
noackSeq = 31, lastSeq = 38 
0: full
noackSeq = 31, lastSeq = 38 
0: full
noackSeq = 31, lastSeq = 38 
0: full
noackSeq = 31, lastSeq = 38 
0: full
noackSeq = 31, lastSeq = 38 
0: full
noackSeq = 31, lastSeq = 38 
0: full
noackSeq = 31, lastSeq = 38 
0: full
noackSeq = 31, lastSeq = 38 
0: full
noackSeq = 31, lastSeq = 38 
0: full
noackSeq = 31, lastSeq = 38 
0: full
noackSeq = 31, lastSeq = 38 
0: full
noackSeq = 31, lastSeq = 38 
0: full
noackSeq = 31, lastSeq = 38 
0: full
noackSeq = 31, lastSeq = 38 
0: full
noackSeq = 31, lastSeq = 38 
0: full
noackSeq = 31, lastSeq = 38 
0: full
noackSeq = 31, lastSeq = 38 
0: full
noackSeq = 31, lastSeq = 38 
0: full
noackSeq = 31, lastSeq = 38 
0: full
noackSeq = 31, lastSeq = 38 
0: full
noackSeq = 31, lastSeq = 38 
0: full
0 recv from 0, data =  ello World Hello Wo
0 recv from 0, data =  rld Hello World Hel
0 recv from 0, data =  Packet: 5 Hello Wor
0 recv from 0, data =  o World Hello World
0 ack 0, seq =  33
0 ack 0, seq =  36
noackSeq = 31, lastSeq = 38 
0: full
noackSeq = 31, lastSeq = 38 
0: full
noackSeq = 31, lastSeq = 38 
0: full
noackSeq = 31, lastSeq = 38 
0: full
noackSeq = 31, lastSeq = 38 
0: full
noackSeq = 31, lastSeq = 38 
0: full
noackSeq = 31, lastSeq = 38 
0: full
noackSeq = 31, lastSeq = 38 
0: full
noackSeq = 31, lastSeq = 38 
0: full
noackSeq = 31, lastSeq = 38 
0: full
noackSeq = 31, lastSeq = 38 
0: full
noackSeq = 31, lastSeq = 38 
0: full
noackSeq = 31, lastSeq = 38 
0: full
noackSeq = 31, lastSeq = 38 
0: full
noackSeq = 31, lastSeq = 38 
0: full
noackSeq = 31, lastSeq = 38 
0: full
noackSeq = 31, lastSeq = 38 
0: full
noackSeq = 31, lastSeq = 38 
0: full
noackSeq = 31, lastSeq = 38 
0: full
noackSeq = 31, lastSeq = 38 
0: full
noackSeq = 31, lastSeq = 38 
0: full
noackSeq = 31, lastSeq = 38 
0: full
noackSeq = 31, lastSeq = 38 
0: full
noackSeq = 31, lastSeq = 38 
0: full
noackSeq = 31, lastSeq = 38 
0: full
noackSeq = 31, lastSeq = 38 
0: full
noackSeq = 31, lastSeq = 38 
0: full
noackSeq = 31, lastSeq = 38 
0: full
noackSeq = 31, lastSeq = 38 
0: full
noackSeq = 31, lastSeq = 38 
0: full
noackSeq = 31, lastSeq = 38 
0: full
noackSeq = 31, lastSeq = 38 
0: full
noackSeq = 31, lastSeq = 38 
0: full
noackSeq = 31, lastSeq = 38 
0: full
noackSeq = 31, lastSeq = 38 
0: full
noackSeq = 31, lastSeq = 38 
0: full
noackSeq = 31, lastSeq = 38 
0: full
noackSeq = 31, lastSeq = 38 
0: full
noackSeq = 31, lastSeq = 38 
0: full
noackSeq = 31, lastSeq = 38 
0: full
noackSeq = 31, lastSeq = 38 
0: full
noackSeq = 31, lastSeq = 38 
0: full
noackSeq = 31, lastSeq = 38 
0: full
noackSeq = 31, lastSeq = 38 
0: full
noackSeq = 31, lastSeq = 38 
0: full
noackSeq = 31, lastSeq = 38 
0: full
noackSeq = 31, lastSeq = 38 
0: full
noackSeq = 31, lastSeq = 38 
0: full
noackSeq = 31, lastSeq = 38 
0: full
noackSeq = 31, lastSeq = 38 
0: full
noackSeq = 31, lastSeq = 38 
0: full
noackSeq = 31, lastSeq = 38 
0: full
noackSeq = 31, lastSeq = 38 
0: full
noackSeq = 31, lastSeq = 38 
0: full
noackSeq = 31, lastSeq = 38 
0: full
noackSeq = 31, lastSeq = 38 
0: full
noackSeq = 31, lastSeq = 38 
0: full
noackSeq = 31, lastSeq = 38 
0: full
noackSeq = 31, lastSeq = 38 
0: full
noackSeq = 31, lastSeq = 38 
0: full
0 recv from 0, data =  ello World Hello Wo
0 recv from 0, data =  o World Hello World
0 ack 0, seq =  32
0 ack 0, seq =  38
noackSeq = 31, lastSeq = 38 
0: full
noackSeq = 31, lastSeq = 38 
0: full
noackSeq = 31, lastSeq = 38 
0: full
noackSeq = 31, lastSeq = 38 
0: full
noackSeq = 31, lastSeq = 38 
0: full
noackSeq = 31, lastSeq = 38 
0: full
noackSeq = 31, lastSeq = 38 
0: full
noackSeq = 31, lastSeq = 38 
0: full
noackSeq = 31, lastSeq = 38 
0: full
noackSeq = 31, lastSeq = 38 
0: full
noackSeq = 31, lastSeq = 38 
0: full
noackSeq = 31, lastSeq = 38 
0: full
noackSeq = 31, lastSeq = 38 
0: full
noackSeq = 31, lastSeq = 38 
0: full
noackSeq = 31, lastSeq = 38 
0: full
noackSeq = 31, lastSeq = 38 
0: full
noackSeq = 31, lastSeq = 38 
0: full
noackSeq = 31, lastSeq = 38 
0: full
noackSeq = 31, lastSeq = 38 
0: full
noackSeq = 31, lastSeq = 38 
0: full
0 recv from 0, data =  World Hello World H
noackSeq = 31, lastSeq = 38 
0: full
noackSeq = 31, lastSeq = 38 
0: full
noackSeq = 31, lastSeq = 38 
0: full
noackSeq = 31, lastSeq = 38 
0: full
noackSeq = 31, lastSeq = 38 
0: full
noackSeq = 31, lastSeq = 38 
0: full
noackSeq = 31, lastSeq = 38 
0: full
noackSeq = 31, lastSeq = 38 
0: full
noackSeq = 31, lastSeq = 38 
0: full
noackSeq = 31, lastSeq = 38 
0: full
0 recv from 0, data =  World Hello World H
0 ack 0, seq =  31
0 send to 0, data =   Hello World Hello 
0 send to 0, data =  World Hello World H
0 send to 0, data =  ello World Hello Wo
0 send to 0, data =  rld Hello World Hel
0 send to 0, data =  lo World Hello Worl
0 send to 0, data =  d
0 send to 0, data =  Packet: 6 Hello Wor
0 send to 0, data =  ld Hello World Hell
noackSeq = 39, lastSeq = 46 
0: full
noackSeq = 39, lastSeq = 46 
0: full
noackSeq = 39, lastSeq = 46 
0: full
noackSeq = 39, lastSeq = 46 
0: full
noackSeq = 39, lastSeq = 46 
0: full
noackSeq = 39, lastSeq = 46 
0: full
noackSeq = 39, lastSeq = 46 
0: full
noackSeq = 39, lastSeq = 46 
0: full
noackSeq = 39, lastSeq = 46 
0: full
noackSeq = 39, lastSeq = 46 
0: full
0 recv from 0, data =   Hello World Hello 
0 recv from 0, data =  World Hello World H
0 recv from 0, data =  lo World Hello Worl
0 recv from 0, data =  ld Hello World Hell
0 ack 0, seq =  39
0 ack 0, seq =  40
0 ack 0, seq =  46
0 send to 0, data =  o World Hello World
0 send to 0, data =   Hello World Hello 
noackSeq = 41, lastSeq = 48 
0: full
noackSeq = 41, lastSeq = 48 
0: full
noackSeq = 41, lastSeq = 48 
0: full
noackSeq = 41, lastSeq = 48 
0: full
noackSeq = 41, lastSeq = 48 
0: full
noackSeq = 41, lastSeq = 48 
0: full
noackSeq = 41, lastSeq = 48 
0: full
noackSeq = 41, lastSeq = 48 
0: full
noackSeq = 41, lastSeq = 48 
0: full
noackSeq = 41, lastSeq = 48 
0: full
0 recv from 0, data =  o World Hello World
0 ack 0, seq =  47
noackSeq = 41, lastSeq = 48 
0: full
noackSeq = 41, lastSeq = 48 
0: full
noackSeq = 41, lastSeq = 48 
0: full
noackSeq = 41, lastSeq = 48 
0: full
noackSeq = 41, lastSeq = 48 
0: full
noackSeq = 41, lastSeq = 48 
0: full
noackSeq = 41, lastSeq = 48 
0: full
noackSeq = 41, lastSeq = 48 
0: full
noackSeq = 41, lastSeq = 48 
0: full
noackSeq = 41, lastSeq = 48 
0: full
noackSeq = 41, lastSeq = 48 
0: full
noackSeq = 41, lastSeq = 48 
0: full
noackSeq = 41, lastSeq = 48 
0: full
noackSeq = 41, lastSeq = 48 
0: full
noackSeq = 41, lastSeq = 48 
0: full
noackSeq = 41, lastSeq = 48 
0: full
noackSeq = 41, lastSeq = 48 
0: full
noackSeq = 41, lastSeq = 48 
0: full
noackSeq = 41, lastSeq = 48 
0: full
noackSeq = 41, lastSeq = 48 
0: full
0 recv from 0, data =   Hello World Hello 
0 recv from 0, data =  ello World Hello Wo
0 recv from 0, data =  d
0 ack 0, seq =  48
0 ack 0, seq =  41
0 send to 0, data =  World Hello World H
noackSeq = 42, lastSeq = 49 
0: full
noackSeq = 42, lastSeq = 49 
0: full
noackSeq = 42, lastSeq = 49 
0: full
noackSeq = 42, lastSeq = 49 
0: full
noackSeq = 42, lastSeq = 49 
0: full
noackSeq = 42, lastSeq = 49 
0: full
noackSeq = 42, lastSeq = 49 
0: full
noackSeq = 42, lastSeq = 49 
0: full
noackSeq = 42, lastSeq = 49 
0: full
noackSeq = 42, lastSeq = 49 
0: full
0 recv from 0, data =  World Hello World H
noackSeq = 42, lastSeq = 49 
0: full
noackSeq = 42, lastSeq = 49 
0: full
noackSeq = 42, lastSeq = 49 
0: full
noackSeq = 42, lastSeq = 49 
0: full
noackSeq = 42, lastSeq = 49 
0: full
noackSeq = 42, lastSeq = 49 
0: full
noackSeq = 42, lastSeq = 49 
0: full
noackSeq = 42, lastSeq = 49 
0: full
noackSeq = 42, lastSeq = 49 
0: full
noackSeq = 42, lastSeq = 49 
0: full
0 recv from 0, data =  World Hello World H
0 recv from 0, data =  rld Hello World Hel
0 recv from 0, data =  d
0 recv from 0, data =  Packet: 6 Hello Wor
0 ack 0, seq =  42
0 send to 0, data =  ello World Hello Wo
noackSeq = 43, lastSeq = 50 
0: full
noackSeq = 43, lastSeq = 50 
0: full
noackSeq = 43, lastSeq = 50 
0: full
noackSeq = 43, lastSeq = 50 
0: full
noackSeq = 43, lastSeq = 50 
0: full
noackSeq = 43, lastSeq = 50 
0: full
noackSeq = 43, lastSeq = 50 
0: full
noackSeq = 43, lastSeq = 50 
0: full
noackSeq = 43, lastSeq = 50 
0: full
noackSeq = 43, lastSeq = 50 
0: full
noackSeq = 43, lastSeq = 50 
0: full
noackSeq = 43, lastSeq = 50 
0: full
noackSeq = 43, lastSeq = 50 
0: full
noackSeq = 43, lastSeq = 50 
0: full
noackSeq = 43, lastSeq = 50 
0: full
noackSeq = 43, lastSeq = 50 
0: full
noackSeq = 43, lastSeq = 50 
0: full
noackSeq = 43, lastSeq = 50 
0: full
noackSeq = 43, lastSeq = 50 
0: full
noackSeq = 43, lastSeq = 50 
0: full
noackSeq = 43, lastSeq = 50 
0: full
noackSeq = 43, lastSeq = 50 
0: full
noackSeq = 43, lastSeq = 50 
0: full
noackSeq = 43, lastSeq = 50 
0: full
noackSeq = 43, lastSeq = 50 
0: full
noackSeq = 43, lastSeq = 50 
0: full
noackSeq = 43, lastSeq = 50 
0: full
noackSeq = 43, lastSeq = 50 
0: full
noackSeq = 43, lastSeq = 50 
0: full
noackSeq = 43, lastSeq = 50 
0: full
0 recv from 0, data =  World Hello World H
0 recv from 0, data =  lo World Hello Worl
0 recv from 0, data =  d
0 recv from 0, data =  Packet: 6 Hello Wor
0 ack 0, seq =  49
0 ack 0, seq =  43
0 ack 0, seq =  45
0 send to 0, data =  rld Hello World Hel
noackSeq = 44, lastSeq = 51 
0: full
noackSeq = 44, lastSeq = 51 
0: full
noackSeq = 44, lastSeq = 51 
0: full
noackSeq = 44, lastSeq = 51 
0: full
noackSeq = 44, lastSeq = 51 
0: full
noackSeq = 44, lastSeq = 51 
0: full
noackSeq = 44, lastSeq = 51 
0: full
noackSeq = 44, lastSeq = 51 
0: full
noackSeq = 44, lastSeq = 51 
0: full
noackSeq = 44, lastSeq = 51 
0: full
0 recv from 0, data =  rld Hello World Hel
0 ack 0, seq =  51
noackSeq = 44, lastSeq = 51 
0: full
noackSeq = 44, lastSeq = 51 
0: full
noackSeq = 44, lastSeq = 51 
0: full
noackSeq = 44, lastSeq = 51 
0: full
noackSeq = 44, lastSeq = 51 
0: full
noackSeq = 44, lastSeq = 51 
0: full
noackSeq = 44, lastSeq = 51 
0: full
noackSeq = 44, lastSeq = 51 
0: full
noackSeq = 44, lastSeq = 51 
0: full
noackSeq = 44, lastSeq = 51 
0: full
noackSeq = 44, lastSeq = 51 
0: full
noackSeq = 44, lastSeq = 51 
0: full
noackSeq = 44, lastSeq = 51 
0: full
noackSeq = 44, lastSeq = 51 
0: full
noackSeq = 44, lastSeq = 51 
0: full
noackSeq = 44, lastSeq = 51 
0: full
noackSeq = 44, lastSeq = 51 
0: full
noackSeq = 44, lastSeq = 51 
0: full
noackSeq = 44, lastSeq = 51 
0: full
noackSeq = 44, lastSeq = 51 
0: full
0 recv from 0, data =  ello World Hello Wo
0 recv from 0, data =  d
noackSeq = 44, lastSeq = 51 
0: full
noackSeq = 44, lastSeq = 51 
0: full
noackSeq = 44, lastSeq = 51 
0: full
noackSeq = 44, lastSeq = 51 
0: full
noackSeq = 44, lastSeq = 51 
0: full
noackSeq = 44, lastSeq = 51 
0: full
noackSeq = 44, lastSeq = 51 
0: full
noackSeq = 44, lastSeq = 51 
0: full
noackSeq = 44, lastSeq = 51 
0: full
noackSeq = 44, lastSeq = 51 
0: full
noackSeq = 44, lastSeq = 51 
0: full
noackSeq = 44, lastSeq = 51 
0: full
noackSeq = 44, lastSeq = 51 
0: full
noackSeq = 44, lastSeq = 51 
0: full
noackSeq = 44, lastSeq = 51 
0: full
noackSeq = 44, lastSeq = 51 
0: full
noackSeq = 44, lastSeq = 51 
0: full
noackSeq = 44, lastSeq = 51 
0: full
noackSeq = 44, lastSeq = 51 
0: full
noackSeq = 44, lastSeq = 51 
0: full
0 recv from 0, data =  d
0 ack 0, seq =  44
0 send to 0, data =  lo World Hello Worl
0 send to 0, data =  d
0 send to 0, data =  Packet: 7 Hello Wor
0 send to 0, data =  ld Hello World Hell
0 send to 0, data =  o World Hello World
0 send to 0, data =   Hello World Hello 
noackSeq = 50, lastSeq = 57 
0: full
noackSeq = 50, lastSeq = 57 
0: full
noackSeq = 50, lastSeq = 57 
0: full
noackSeq = 50, lastSeq = 57 
0: full
noackSeq = 50, lastSeq = 57 
0: full
noackSeq = 50, lastSeq = 57 
0: full
noackSeq = 50, lastSeq = 57 
0: full
noackSeq = 50, lastSeq = 57 
0: full
noackSeq = 50, lastSeq = 57 
0: full
noackSeq = 50, lastSeq = 57 
0: full
0 recv from 0, data =  lo World Hello Worl
0 recv from 0, data =  Packet: 7 Hello Wor
0 recv from 0, data =  ld Hello World Hell
0 recv from 0, data =  o World Hello World
0 ack 0, seq =  52
0 ack 0, seq =  54
0 ack 0, seq =  56
noackSeq = 50, lastSeq = 57 
0: full
noackSeq = 50, lastSeq = 57 
0: full
noackSeq = 50, lastSeq = 57 
0: full
noackSeq = 50, lastSeq = 57 
0: full
noackSeq = 50, lastSeq = 57 
0: full
noackSeq = 50, lastSeq = 57 
0: full
noackSeq = 50, lastSeq = 57 
0: full
noackSeq = 50, lastSeq = 57 
0: full
noackSeq = 50, lastSeq = 57 
0: full
noackSeq = 50, lastSeq = 57 
0: full
noackSeq = 50, lastSeq = 57 
0: full
noackSeq = 50, lastSeq = 57 
0: full
noackSeq = 50, lastSeq = 57 
0: full
noackSeq = 50, lastSeq = 57 
0: full
noackSeq = 50, lastSeq = 57 
0: full
noackSeq = 50, lastSeq = 57 
0: full
noackSeq = 50, lastSeq = 57 
0: full
noackSeq = 50, lastSeq = 57 
0: full
noackSeq = 50, lastSeq = 57 
0: full
noackSeq = 50, lastSeq = 57 
0: full
0 recv from 0, data =   Hello World Hello 
0 recv from 0, data =  ello World Hello Wo
0 recv from 0, data =  d
0 recv from 0, data =  ld Hello World Hell
0 ack 0, seq =  57
0 ack 0, seq =  50
0 ack 0, seq =  53
0 send to 0, data =  World Hello World H
0 send to 0, data =  ello World Hello Wo
0 send to 0, data =  rld Hello World Hel
0 send to 0, data =  lo World Hello Worl
0 send to 0, data =  d
noackSeq = 55, lastSeq = 62 
0: full
noackSeq = 55, lastSeq = 62 
0: full
noackSeq = 55, lastSeq = 62 
0: full
noackSeq = 55, lastSeq = 62 
0: full
noackSeq = 55, lastSeq = 62 
0: full
noackSeq = 55, lastSeq = 62 
0: full
noackSeq = 55, lastSeq = 62 
0: full
noackSeq = 55, lastSeq = 62 
0: full
noackSeq = 55, lastSeq = 62 
0: full
noackSeq = 55, lastSeq = 62 
0: full
0 recv from 0, data =  World Hello World H
0 recv from 0, data =  ello World Hello Wo
0 recv from 0, data =  d
0 ack 0, seq =  58
0 ack 0, seq =  62
noackSeq = 55, lastSeq = 62 
0: full
noackSeq = 55, lastSeq = 62 
0: full
noackSeq = 55, lastSeq = 62 
0: full
noackSeq = 55, lastSeq = 62 
0: full
noackSeq = 55, lastSeq = 62 
0: full
noackSeq = 55, lastSeq = 62 
0: full
noackSeq = 55, lastSeq = 62 
0: full
noackSeq = 55, lastSeq = 62 
0: full
noackSeq = 55, lastSeq = 62 
0: full
noackSeq = 55, lastSeq = 62 
0: full
noackSeq = 55, lastSeq = 62 
0: full
noackSeq = 55, lastSeq = 62 
0: full
noackSeq = 55, lastSeq = 62 
0: full
noackSeq = 55, lastSeq = 62 
0: full
noackSeq = 55, lastSeq = 62 
0: full
noackSeq = 55, lastSeq = 62 
0: full
noackSeq = 55, lastSeq = 62 
0: full
noackSeq = 55, lastSeq = 62 
0: full
noackSeq = 55, lastSeq = 62 
0: full
noackSeq = 55, lastSeq = 62 
0: full
0 recv from 0, data =  ello World Hello Wo
0 recv from 0, data =  rld Hello World Hel
0 recv from 0, data =  lo World Hello Worl
0 recv from 0, data =  ld Hello World Hell
0 ack 0, seq =  59
0 ack 0, seq =  60
0 ack 0, seq =  61
noackSeq = 55, lastSeq = 62 
0: full
noackSeq = 55, lastSeq = 62 
0: full
noackSeq = 55, lastSeq = 62 
0: full
noackSeq = 55, lastSeq = 62 
0: full
noackSeq = 55, lastSeq = 62 
0: full
noackSeq = 55, lastSeq = 62 
0: full
noackSeq = 55, lastSeq = 62 
0: full
noackSeq = 55, lastSeq = 62 
0: full
noackSeq = 55, lastSeq = 62 
0: full
noackSeq = 55, lastSeq = 62 
0: full
noackSeq = 55, lastSeq = 62 
0: full
noackSeq = 55, lastSeq = 62 
0: full
noackSeq = 55, lastSeq = 62 
0: full
noackSeq = 55, lastSeq = 62 
0: full
noackSeq = 55, lastSeq = 62 
0: full
noackSeq = 55, lastSeq = 62 
0: full
noackSeq = 55, lastSeq = 62 
0: full
noackSeq = 55, lastSeq = 62 
0: full
noackSeq = 55, lastSeq = 62 
0: full
noackSeq = 55, lastSeq = 62 
0: full
noackSeq = 55, lastSeq = 62 
0: full
noackSeq = 55, lastSeq = 62 
0: full
noackSeq = 55, lastSeq = 62 
0: full
noackSeq = 55, lastSeq = 62 
0: full
noackSeq = 55, lastSeq = 62 
0: full
noackSeq = 55, lastSeq = 62 
0: full
noackSeq = 55, lastSeq = 62 
0: full
noackSeq = 55, lastSeq = 62 
0: full
noackSeq = 55, lastSeq = 62 
0: full
noackSeq = 55, lastSeq = 62 
0: full
0 recv from 0, data =  ld Hello World Hell
noackSeq = 55, lastSeq = 62 
0: full
noackSeq = 55, lastSeq = 62 
0: full
noackSeq = 55, lastSeq = 62 
0: full
noackSeq = 55, lastSeq = 62 
0: full
noackSeq = 55, lastSeq = 62 
0: full
noackSeq = 55, lastSeq = 62 
0: full
noackSeq = 55, lastSeq = 62 
0: full
noackSeq = 55, lastSeq = 62 
0: full
noackSeq = 55, lastSeq = 62 
0: full
noackSeq = 55, lastSeq = 62 
0: full
0 recv from 0, data =  ld Hello World Hell
noackSeq = 55, lastSeq = 62 
0: full
noackSeq = 55, lastSeq = 62 
0: full
noackSeq = 55, lastSeq = 62 
0: full
noackSeq = 55, lastSeq = 62 
0: full
noackSeq = 55, lastSeq = 62 
0: full
noackSeq = 55, lastSeq = 62 
0: full
noackSeq = 55, lastSeq = 62 
0: full
noackSeq = 55, lastSeq = 62 
0: full
noackSeq = 55, lastSeq = 62 
0: full
noackSeq = 55, lastSeq = 62 
0: full
noackSeq = 55, lastSeq = 62 
0: full
noackSeq = 55, lastSeq = 62 
0: full
noackSeq = 55, lastSeq = 62 
0: full
noackSeq = 55, lastSeq = 62 
0: full
noackSeq = 55, lastSeq = 62 
0: full
noackSeq = 55, lastSeq = 62 
0: full
noackSeq = 55, lastSeq = 62 
0: full
noackSeq = 55, lastSeq = 62 
0: full
noackSeq = 55, lastSeq = 62 
0: full
noackSeq = 55, lastSeq = 62 
0: full
0 recv from 0, data =  ld Hello World Hell
noackSeq = 55, lastSeq = 62 
0: full
noackSeq = 55, lastSeq = 62 
0: full
noackSeq = 55, lastSeq = 62 
0: full
noackSeq = 55, lastSeq = 62 
0: full
noackSeq = 55, lastSeq = 62 
0: full
noackSeq = 55, lastSeq = 62 
0: full
noackSeq = 55, lastSeq = 62 
0: full
noackSeq = 55, lastSeq = 62 
0: full
noackSeq = 55, lastSeq = 62 
0: full
noackSeq = 55, lastSeq = 62 
0: full
0 recv from 0, data =  ld Hello World Hell
0 ack 0, seq =  55
0 send to 0, data =  Packet: 8 Hello Wor
0 send to 0, data =  ld Hello World Hell
0 send to 0, data =  o World Hello World
0 send to 0, data =   Hello World Hello 
0 send to 0, data =  World Hello World H
0 send to 0, data =  ello World Hello Wo
0 send to 0, data =  rld Hello World Hel
0 send to 0, data =  lo World Hello Worl
noackSeq = 63, lastSeq = 70 
0: full
noackSeq = 63, lastSeq = 70 
0: full
noackSeq = 63, lastSeq = 70 
0: full
noackSeq = 63, lastSeq = 70 
0: full
noackSeq = 63, lastSeq = 70 
0: full
noackSeq = 63, lastSeq = 70 
0: full
noackSeq = 63, lastSeq = 70 
0: full
noackSeq = 63, lastSeq = 70 
0: full
noackSeq = 63, lastSeq = 70 
0: full
noackSeq = 63, lastSeq = 70 
0: full
0 recv from 0, data =  o World Hello World
0 recv from 0, data =   Hello World Hello 
0 recv from 0, data =  World Hello World H
0 recv from 0, data =  ello World Hello Wo
0 recv from 0, data =  rld Hello World Hel
0 recv from 0, data =  lo World Hello Worl
0 ack 0, seq =  65
0 ack 0, seq =  66
0 ack 0, seq =  67
0 ack 0, seq =  68
0 ack 0, seq =  69
0 ack 0, seq =  70
noackSeq = 63, lastSeq = 70 
0: full
noackSeq = 63, lastSeq = 70 
0: full
noackSeq = 63, lastSeq = 70 
0: full
noackSeq = 63, lastSeq = 70 
0: full
noackSeq = 63, lastSeq = 70 
0: full
noackSeq = 63, lastSeq = 70 
0: full
noackSeq = 63, lastSeq = 70 
0: full
noackSeq = 63, lastSeq = 70 
0: full
noackSeq = 63, lastSeq = 70 
0: full
noackSeq = 63, lastSeq = 70 
0: full
noackSeq = 63, lastSeq = 70 
0: full
noackSeq = 63, lastSeq = 70 
0: full
noackSeq = 63, lastSeq = 70 
0: full
noackSeq = 63, lastSeq = 70 
0: full
noackSeq = 63, lastSeq = 70 
0: full
noackSeq = 63, lastSeq = 70 
0: full
noackSeq = 63, lastSeq = 70 
0: full
noackSeq = 63, lastSeq = 70 
0: full
noackSeq = 63, lastSeq = 70 
0: full
noackSeq = 63, lastSeq = 70 
0: full
noackSeq = 63, lastSeq = 70 
0: full
noackSeq = 63, lastSeq = 70 
0: full
noackSeq = 63, lastSeq = 70 
0: full
noackSeq = 63, lastSeq = 70 
0: full
noackSeq = 63, lastSeq = 70 
0: full
noackSeq = 63, lastSeq = 70 
0: full
noackSeq = 63, lastSeq = 70 
0: full
noackSeq = 63, lastSeq = 70 
0: full
noackSeq = 63, lastSeq = 70 
0: full
noackSeq = 63, lastSeq = 70 
0: full
0 recv from 0, data =  ld Hello World Hell
0 recv from 0, data =  Packet: 8 Hello Wor
0 ack 0, seq =  64
0 ack 0, seq =  63
0 send to 0, data =  d
0 send to 0, data =  Packet: 9 Hello Wor
0 send to 0, data =  ld Hello World Hell
0 send to 0, data =  o World Hello World
0 send to 0, data =   Hello World Hello 
0 send to 0, data =  World Hello World H
0 send to 0, data =  ello World Hello Wo
0 send to 0, data =  rld Hello World Hel
noackSeq = 71, lastSeq = 78 
0: full
noackSeq = 71, lastSeq = 78 
0: full
noackSeq = 71, lastSeq = 78 
0: full
noackSeq = 71, lastSeq = 78 
0: full
noackSeq = 71, lastSeq = 78 
0: full
noackSeq = 71, lastSeq = 78 
0: full
noackSeq = 71, lastSeq = 78 
0: full
noackSeq = 71, lastSeq = 78 
0: full
noackSeq = 71, lastSeq = 78 
0: full
noackSeq = 71, lastSeq = 78 
0: full
0 recv from 0, data =  ld Hello World Hell
0 recv from 0, data =  World Hello World H
0 recv from 0, data =  ello World Hello Wo
0 recv from 0, data =  rld Hello World Hel
0 ack 0, seq =  77
0 ack 0, seq =  78
noackSeq = 71, lastSeq = 78 
0: full
noackSeq = 71, lastSeq = 78 
0: full
noackSeq = 71, lastSeq = 78 
0: full
noackSeq = 71, lastSeq = 78 
0: full
noackSeq = 71, lastSeq = 78 
0: full
noackSeq = 71, lastSeq = 78 
0: full
noackSeq = 71, lastSeq = 78 
0: full
noackSeq = 71, lastSeq = 78 
0: full
noackSeq = 71, lastSeq = 78 
0: full
noackSeq = 71, lastSeq = 78 
0: full
noackSeq = 71, lastSeq = 78 
0: full
noackSeq = 71, lastSeq = 78 
0: full
noackSeq = 71, lastSeq = 78 
0: full
noackSeq = 71, lastSeq = 78 
0: full
noackSeq = 71, lastSeq = 78 
0: full
noackSeq = 71, lastSeq = 78 
0: full
noackSeq = 71, lastSeq = 78 
0: full
noackSeq = 71, lastSeq = 78 
0: full
noackSeq = 71, lastSeq = 78 
0: full
noackSeq = 71, lastSeq = 78 
0: full
0 recv from 0, data =  Packet: 9 Hello Wor
0 recv from 0, data =   Hello World Hello 
0 recv from 0, data =  World Hello World H
0 recv from 0, data =  d
0 ack 0, seq =  72
0 ack 0, seq =  75
0 ack 0, seq =  71
0 send to 0, data =  lo World Hello Worl
0 send to 0, data =  d
noackSeq = 73, lastSeq = 80 
0: full
noackSeq = 73, lastSeq = 80 
0: full
noackSeq = 73, lastSeq = 80 
0: full
noackSeq = 73, lastSeq = 80 
0: full
noackSeq = 73, lastSeq = 80 
0: full
noackSeq = 73, lastSeq = 80 
0: full
noackSeq = 73, lastSeq = 80 
0: full
noackSeq = 73, lastSeq = 80 
0: full
noackSeq = 73, lastSeq = 80 
0: full
noackSeq = 73, lastSeq = 80 
0: full
noackSeq = 73, lastSeq = 80 
0: full
noackSeq = 73, lastSeq = 80 
0: full
noackSeq = 73, lastSeq = 80 
0: full
noackSeq = 73, lastSeq = 80 
0: full
noackSeq = 73, lastSeq = 80 
0: full
noackSeq = 73, lastSeq = 80 
0: full
noackSeq = 73, lastSeq = 80 
0: full
noackSeq = 73, lastSeq = 80 
0: full
0 recv from 0, data =  ld Hello World Hell
0 recv from 0, data =  o World Hello World
0 recv from 0, data =  World Hello World H
0 recv from 0, data =  lo World Hello Worl
0 ack 0, seq =  73
0 ack 0, seq =  74
0 ack 0, seq =  76
0 ack 0, seq =  79
0 send to 0, data =  Packet: 10 Hello Wo
0 send to 0, data =  rld Hello World Hel
0 send to 0, data =  lo World Hello Worl
0 send to 0, data =  d Hello World Hello
0 send to 0, data =   World Hello World 
0 send to 0, data =  Hello World Hello W
0 send to 0, data =  orld Hello World He
noackSeq = 80, lastSeq = 87 
0: full
noackSeq = 80, lastSeq = 87 
0: full
0 recv from 0, data =  Packet: 10 Hello Wo
0 recv from 0, data =  rld Hello World Hel
0 recv from 0, data =  lo World Hello Worl
0 recv from 0, data =   World Hello World 
0 recv from 0, data =  Hello World Hello W
0 ack 0, seq =  81
0 ack 0, seq =  83
0 ack 0, seq =  85
noackSeq = 80, lastSeq = 87 
0: full
noackSeq = 80, lastSeq = 87 
0: full
noackSeq = 80, lastSeq = 87 
0: full
noackSeq = 80, lastSeq = 87 
0: full
0 recv from 0, data =  rld Hello World Hel
0 recv from 0, data =  d Hello World Hello
0 recv from 0, data =  Hello World Hello W
0 ack 0, seq =  82
0 ack 0, seq =  84
noackSeq = 80, lastSeq = 87 
0: full
noackSeq = 80, lastSeq = 87 
0: full
noackSeq = 80, lastSeq = 87 
0: full
noackSeq = 80, lastSeq = 87 
0: full
0 recv from 0, data =  orld Hello World He
0 ack 0, seq =  87
noackSeq = 80, lastSeq = 87 
0: full
noackSeq = 80, lastSeq = 87 
0: full
noackSeq = 80, lastSeq = 87 
0: full
noackSeq = 80, lastSeq = 87 
0: full
0 recv from 0, data =  d
noackSeq = 80, lastSeq = 87 
0: full
noackSeq = 80, lastSeq = 87 
0: full
noackSeq = 80, lastSeq = 87 
0: full
noackSeq = 80, lastSeq = 87 
0: full
0 recv from 0, data =  d
0 recv from 0, data =  Hello World Hello W
noackSeq = 80, lastSeq = 87 
0: full
noackSeq = 80, lastSeq = 87 
0: full
noackSeq = 80, lastSeq = 87 
0: full
noackSeq = 80, lastSeq = 87 
0: full
0 recv from 0, data =  d
0 recv from 0, data =  Hello World Hello W
0 ack 0, seq =  80
0 ack 0, seq =  86
0 send to 0, data =  llo World Hello Wor
0 send to 0, data =  ld
0 recv from 0, data =  ld
0 recv from 0, data =  llo World Hello Wor
0 ack 0, seq =  88
0 recv from 0, data =  ld
0 ack 0, seq =  89
