Messages will be dropped with probability=0.000000
Messages will be corrupted with probability=0.000000
Available sender id(s):
   send_id=0
Available receiver id(s):
   recv_id=0
0 send to 0, data =  Packet: 1
0 recv from 0, data =  Packet: 1
0 ack 0, seq =  0
0 send to 0, data =  Packet: 2
0 recv from 0, data =  Packet: 2
0 ack 0, seq =  1
0 send to 0, data =  Packet: 3
0 recv from 0, data =  Packet: 3
0 ack 0, seq =  2
0 send to 0, data =  Packet: 4
0 recv from 0, data =  Packet: 4
0 ack 0, seq =  3
0 send to 0, data =  Packet: 5
0 recv from 0, data =  Packet: 5
0 ack 0, seq =  4
0 send to 0, data =  Packet: 6
0 recv from 0, data =  Packet: 6
0 ack 0, seq =  5
0 send to 0, data =  Packet: 7
0 recv from 0, data =  Packet: 7
0 ack 0, seq =  6
0 send to 0, data =  Packet: 8
0 recv from 0, data =  Packet: 8
0 ack 0, seq =  7
0 send to 0, data =  Packet: 9
0 recv from 0, data =  Packet: 9
0 ack 0, seq =  8
0 send to 0, data =  Packet: 10
0 recv from 0, data =  Packet: 10
0 ack 0, seq =  9
0 send to 0, data =  Packet: 11
0 recv from 0, data =  Packet: 11
0 ack 0, seq =  10
0 send to 0, data =  Packet: 12
0 recv from 0, data =  Packet: 12
0 ack 0, seq =  11
0 send to 0, data =  Packet: 13
0 recv from 0, data =  Packet: 13
0 ack 0, seq =  12
0 send to 0, data =  Packet: 14
0 recv from 0, data =  Packet: 14
0 ack 0, seq =  13
0 send to 0, data =  Packet: 15
0 recv from 0, data =  Packet: 15
0 ack 0, seq =  14
0 send to 0, data =  Packet: 16
0 recv from 0, data =  Packet: 16
0 ack 0, seq =  15
0 send to 0, data =  Packet: 17
0 recv from 0, data =  Packet: 17
0 ack 0, seq =  16
0 send to 0, data =  Packet: 18
0 recv from 0, data =  Packet: 18
0 ack 0, seq =  17
0 send to 0, data =  Packet: 19
0 recv from 0, data =  Packet: 19
0 ack 0, seq =  18
0 send to 0, data =  Packet: 20
0 recv from 0, data =  Packet: 20
0 ack 0, seq =  19
0 send to 0, data =  Packet: 21
0 recv from 0, data =  Packet: 21
0 ack 0, seq =  20
0 send to 0, data =  Packet: 22
0 recv from 0, data =  Packet: 22
0 ack 0, seq =  21
0 send to 0, data =  Packet: 23
0 recv from 0, data =  Packet: 23
0 ack 0, seq =  22
0 send to 0, data =  Packet: 24
0 recv from 0, data =  Packet: 24
0 ack 0, seq =  23
0 send to 0, data =  Packet: 25
0 recv from 0, data =  Packet: 25
0 ack 0, seq =  24
0 send to 0, data =  Packet: 26
0 recv from 0, data =  Packet: 26
0 ack 0, seq =  25
0 send to 0, data =  Packet: 27
0 recv from 0, data =  Packet: 27
0 ack 0, seq =  26
0 send to 0, data =  Packet: 28
0 recv from 0, data =  Packet: 28
0 ack 0, seq =  27
0 send to 0, data =  Packet: 29
0 recv from 0, data =  Packet: 29
0 ack 0, seq =  28
0 send to 0, data =  Packet: 30
0 recv from 0, data =  Packet: 30
0 ack 0, seq =  29
0 send to 0, data =  Packet: 31
0 recv from 0, data =  Packet: 31
0 ack 0, seq =  30
0 send to 0, data =  Packet: 32
0 recv from 0, data =  Packet: 32
0 ack 0, seq =  31
0 send to 0, data =  Packet: 33
0 recv from 0, data =  Packet: 33
0 ack 0, seq =  32
0 send to 0, data =  Packet: 34
0 recv from 0, data =  Packet: 34
0 ack 0, seq =  33
0 send to 0, data =  Packet: 35
0 recv from 0, data =  Packet: 35
0 ack 0, seq =  34
0 send to 0, data =  Packet: 36
0 recv from 0, data =  Packet: 36
0 ack 0, seq =  35
0 send to 0, data =  Packet: 37
0 recv from 0, data =  Packet: 37
0 ack 0, seq =  36
0 send to 0, data =  Packet: 38
0 recv from 0, data =  Packet: 38
0 ack 0, seq =  37
0 send to 0, data =  Packet: 39
0 recv from 0, data =  Packet: 39
0 ack 0, seq =  38
0 send to 0, data =  Packet: 40
0 recv from 0, data =  Packet: 40
0 ack 0, seq =  39
0 send to 0, data =  Packet: 41
0 recv from 0, data =  Packet: 41
0 ack 0, seq =  40
0 send to 0, data =  Packet: 42
0 recv from 0, data =  Packet: 42
0 ack 0, seq =  41
0 send to 0, data =  Packet: 43
0 recv from 0, data =  Packet: 43
0 ack 0, seq =  42
0 send to 0, data =  Packet: 44
0 recv from 0, data =  Packet: 44
0 ack 0, seq =  43
0 send to 0, data =  Packet: 45
0 recv from 0, data =  Packet: 45
0 ack 0, seq =  44
0 send to 0, data =  Packet: 46
0 recv from 0, data =  Packet: 46
0 ack 0, seq =  45
0 send to 0, data =  Packet: 47
0 recv from 0, data =  Packet: 47
0 ack 0, seq =  46
0 send to 0, data =  Packet: 48
0 recv from 0, data =  Packet: 48
0 ack 0, seq =  47
0 send to 0, data =  Packet: 49
0 recv from 0, data =  Packet: 49
0 ack 0, seq =  48
0 send to 0, data =  Packet: 50
0 recv from 0, data =  Packet: 50
0 ack 0, seq =  49
0 send to 0, data =  Packet: 51
0 recv from 0, data =  Packet: 51
0 ack 0, seq =  50
0 send to 0, data =  Packet: 52
0 recv from 0, data =  Packet: 52
0 ack 0, seq =  51
0 send to 0, data =  Packet: 53
0 recv from 0, data =  Packet: 53
0 ack 0, seq =  52
0 send to 0, data =  Packet: 54
0 recv from 0, data =  Packet: 54
0 ack 0, seq =  53
0 send to 0, data =  Packet: 55
0 recv from 0, data =  Packet: 55
0 ack 0, seq =  54
0 send to 0, data =  Packet: 56
0 recv from 0, data =  Packet: 56
0 ack 0, seq =  55
0 send to 0, data =  Packet: 57
0 recv from 0, data =  Packet: 57
0 ack 0, seq =  56
0 send to 0, data =  Packet: 58
0 recv from 0, data =  Packet: 58
0 ack 0, seq =  57
0 send to 0, data =  Packet: 59
0 recv from 0, data =  Packet: 59
0 ack 0, seq =  58
0 send to 0, data =  Packet: 60
0 recv from 0, data =  Packet: 60
0 ack 0, seq =  59
0 send to 0, data =  Packet: 61
0 recv from 0, data =  Packet: 61
0 ack 0, seq =  60
0 send to 0, data =  Packet: 62
0 recv from 0, data =  Packet: 62
0 ack 0, seq =  61
0 send to 0, data =  Packet: 63
0 recv from 0, data =  Packet: 63
0 ack 0, seq =  62
0 send to 0, data =  Packet: 64
0 recv from 0, data =  Packet: 64
0 ack 0, seq =  63
0 send to 0, data =  Packet: 65
0 recv from 0, data =  Packet: 65
0 ack 0, seq =  64
0 send to 0, data =  Packet: 66
0 recv from 0, data =  Packet: 66
0 ack 0, seq =  65
0 send to 0, data =  Packet: 67
0 recv from 0, data =  Packet: 67
0 ack 0, seq =  66
0 send to 0, data =  Packet: 68
0 recv from 0, data =  Packet: 68
0 ack 0, seq =  67
0 send to 0, data =  Packet: 69
0 recv from 0, data =  Packet: 69
0 ack 0, seq =  68
0 send to 0, data =  Packet: 70
0 recv from 0, data =  Packet: 70
0 ack 0, seq =  69
0 send to 0, data =  Packet: 71
0 recv from 0, data =  Packet: 71
0 ack 0, seq =  70
0 send to 0, data =  Packet: 72
0 recv from 0, data =  Packet: 72
0 ack 0, seq =  71
0 send to 0, data =  Packet: 73
0 recv from 0, data =  Packet: 73
0 ack 0, seq =  72
0 send to 0, data =  Packet: 74
0 recv from 0, data =  Packet: 74
0 ack 0, seq =  73
0 send to 0, data =  Packet: 75
0 recv from 0, data =  Packet: 75
0 ack 0, seq =  74
0 send to 0, data =  Packet: 76
0 recv from 0, data =  Packet: 76
0 ack 0, seq =  75
0 send to 0, data =  Packet: 77
0 recv from 0, data =  Packet: 77
0 ack 0, seq =  76
0 send to 0, data =  Packet: 78
0 recv from 0, data =  Packet: 78
0 ack 0, seq =  77
0 send to 0, data =  Packet: 79
0 recv from 0, data =  Packet: 79
0 ack 0, seq =  78
0 send to 0, data =  Packet: 80
0 recv from 0, data =  Packet: 80
0 ack 0, seq =  79
0 send to 0, data =  Packet: 81
0 recv from 0, data =  Packet: 81
0 ack 0, seq =  80
0 send to 0, data =  Packet: 82
0 recv from 0, data =  Packet: 82
0 ack 0, seq =  81
0 send to 0, data =  Packet: 83
0 recv from 0, data =  Packet: 83
0 ack 0, seq =  82
0 send to 0, data =  Packet: 84
0 recv from 0, data =  Packet: 84
0 ack 0, seq =  83
0 send to 0, data =  Packet: 85
0 recv from 0, data =  Packet: 85
0 ack 0, seq =  84
0 send to 0, data =  Packet: 86
0 recv from 0, data =  Packet: 86
0 ack 0, seq =  85
0 send to 0, data =  Packet: 87
0 recv from 0, data =  Packet: 87
0 ack 0, seq =  86
0 send to 0, data =  Packet: 88
0 recv from 0, data =  Packet: 88
0 ack 0, seq =  87
0 send to 0, data =  Packet: 89
0 recv from 0, data =  Packet: 89
0 ack 0, seq =  88
0 send to 0, data =  Packet: 90
0 recv from 0, data =  Packet: 90
0 ack 0, seq =  89
0 send to 0, data =  Packet: 91
0 recv from 0, data =  Packet: 91
0 ack 0, seq =  90
0 send to 0, data =  Packet: 92
0 recv from 0, data =  Packet: 92
0 ack 0, seq =  91
0 send to 0, data =  Packet: 93
0 recv from 0, data =  Packet: 93
0 ack 0, seq =  92
0 send to 0, data =  Packet: 94
0 recv from 0, data =  Packet: 94
0 ack 0, seq =  93
0 send to 0, data =  Packet: 95
0 recv from 0, data =  Packet: 95
0 ack 0, seq =  94
0 send to 0, data =  Packet: 96
0 recv from 0, data =  Packet: 96
0 ack 0, seq =  95
0 send to 0, data =  Packet: 97
0 recv from 0, data =  Packet: 97
0 ack 0, seq =  96
0 send to 0, data =  Packet: 98
0 recv from 0, data =  Packet: 98
0 ack 0, seq =  97
0 send to 0, data =  Packet: 99
0 recv from 0, data =  Packet: 99
0 ack 0, seq =  98
0 send to 0, data =  Packet: 100
0 recv from 0, data =  Packet: 100
0 ack 0, seq =  99
0 send to 0, data =  Packet: 101
0 recv from 0, data =  Packet: 101
0 ack 0, seq =  100
0 send to 0, data =  Packet: 102
0 recv from 0, data =  Packet: 102
0 ack 0, seq =  101
0 send to 0, data =  Packet: 103
0 recv from 0, data =  Packet: 103
0 ack 0, seq =  102
0 send to 0, data =  Packet: 104
0 recv from 0, data =  Packet: 104
0 ack 0, seq =  103
0 send to 0, data =  Packet: 105
0 recv from 0, data =  Packet: 105
0 ack 0, seq =  104
0 send to 0, data =  Packet: 106
0 recv from 0, data =  Packet: 106
0 ack 0, seq =  105
0 send to 0, data =  Packet: 107
0 recv from 0, data =  Packet: 107
0 ack 0, seq =  106
0 send to 0, data =  Packet: 108
0 recv from 0, data =  Packet: 108
0 ack 0, seq =  107
0 send to 0, data =  Packet: 109
0 recv from 0, data =  Packet: 109
0 ack 0, seq =  108
0 send to 0, data =  Packet: 110
0 recv from 0, data =  Packet: 110
0 ack 0, seq =  109
0 send to 0, data =  Packet: 111
0 recv from 0, data =  Packet: 111
0 ack 0, seq =  110
0 send to 0, data =  Packet: 112
0 recv from 0, data =  Packet: 112
0 ack 0, seq =  111
0 send to 0, data =  Packet: 113
0 recv from 0, data =  Packet: 113
0 ack 0, seq =  112
0 send to 0, data =  Packet: 114
0 recv from 0, data =  Packet: 114
0 ack 0, seq =  113
0 send to 0, data =  Packet: 115
0 recv from 0, data =  Packet: 115
0 ack 0, seq =  114
0 send to 0, data =  Packet: 116
0 recv from 0, data =  Packet: 116
0 ack 0, seq =  115
0 send to 0, data =  Packet: 117
0 recv from 0, data =  Packet: 117
0 ack 0, seq =  116
0 send to 0, data =  Packet: 118
0 recv from 0, data =  Packet: 118
0 ack 0, seq =  117
0 send to 0, data =  Packet: 119
0 recv from 0, data =  Packet: 119
0 ack 0, seq =  118
0 send to 0, data =  Packet: 120
0 recv from 0, data =  Packet: 120
0 ack 0, seq =  119
0 send to 0, data =  Packet: 121
0 recv from 0, data =  Packet: 121
0 ack 0, seq =  120
0 send to 0, data =  Packet: 122
0 recv from 0, data =  Packet: 122
0 ack 0, seq =  121
0 send to 0, data =  Packet: 123
0 recv from 0, data =  Packet: 123
0 ack 0, seq =  122
0 send to 0, data =  Packet: 124
0 recv from 0, data =  Packet: 124
0 ack 0, seq =  123
0 send to 0, data =  Packet: 125
0 recv from 0, data =  Packet: 125
0 ack 0, seq =  124
0 send to 0, data =  Packet: 126
0 recv from 0, data =  Packet: 126
0 ack 0, seq =  125
0 send to 0, data =  Packet: 127
0 recv from 0, data =  Packet: 127
0 ack 0, seq =  126
0 send to 0, data =  Packet: 128
0 recv from 0, data =  Packet: 128
0 ack 0, seq =  127
0 send to 0, data =  Packet: 129
0 recv from 0, data =  Packet: 129
0 ack 0, seq =  128
0 send to 0, data =  Packet: 130
0 recv from 0, data =  Packet: 130
0 ack 0, seq =  129
0 send to 0, data =  Packet: 131
0 recv from 0, data =  Packet: 131
0 ack 0, seq =  130
0 send to 0, data =  Packet: 132
0 recv from 0, data =  Packet: 132
0 ack 0, seq =  131
0 send to 0, data =  Packet: 133
0 recv from 0, data =  Packet: 133
0 ack 0, seq =  132
0 send to 0, data =  Packet: 134
0 recv from 0, data =  Packet: 134
0 ack 0, seq =  133
0 send to 0, data =  Packet: 135
0 recv from 0, data =  Packet: 135
0 ack 0, seq =  134
0 send to 0, data =  Packet: 136
0 recv from 0, data =  Packet: 136
0 ack 0, seq =  135
0 send to 0, data =  Packet: 137
0 recv from 0, data =  Packet: 137
0 ack 0, seq =  136
0 send to 0, data =  Packet: 138
0 recv from 0, data =  Packet: 138
0 ack 0, seq =  137
0 send to 0, data =  Packet: 139
0 recv from 0, data =  Packet: 139
0 ack 0, seq =  138
0 send to 0, data =  Packet: 140
0 recv from 0, data =  Packet: 140
0 ack 0, seq =  139
0 send to 0, data =  Packet: 141
0 recv from 0, data =  Packet: 141
0 ack 0, seq =  140
0 send to 0, data =  Packet: 142
0 recv from 0, data =  Packet: 142
0 ack 0, seq =  141
0 send to 0, data =  Packet: 143
0 recv from 0, data =  Packet: 143
0 ack 0, seq =  142
0 send to 0, data =  Packet: 144
0 recv from 0, data =  Packet: 144
0 ack 0, seq =  143
0 send to 0, data =  Packet: 145
0 recv from 0, data =  Packet: 145
0 ack 0, seq =  144
0 send to 0, data =  Packet: 146
0 recv from 0, data =  Packet: 146
0 ack 0, seq =  145
0 send to 0, data =  Packet: 147
0 recv from 0, data =  Packet: 147
0 ack 0, seq =  146
0 send to 0, data =  Packet: 148
0 recv from 0, data =  Packet: 148
0 ack 0, seq =  147
0 send to 0, data =  Packet: 149
0 recv from 0, data =  Packet: 149
0 ack 0, seq =  148
0 send to 0, data =  Packet: 150
0 recv from 0, data =  Packet: 150
0 ack 0, seq =  149
0 send to 0, data =  Packet: 151
0 recv from 0, data =  Packet: 151
0 ack 0, seq =  150
0 send to 0, data =  Packet: 152
0 recv from 0, data =  Packet: 152
0 ack 0, seq =  151
0 send to 0, data =  Packet: 153
0 recv from 0, data =  Packet: 153
0 ack 0, seq =  152
0 send to 0, data =  Packet: 154
0 recv from 0, data =  Packet: 154
0 ack 0, seq =  153
0 send to 0, data =  Packet: 155
0 recv from 0, data =  Packet: 155
0 ack 0, seq =  154
0 send to 0, data =  Packet: 156
0 recv from 0, data =  Packet: 156
0 ack 0, seq =  155
0 send to 0, data =  Packet: 157
0 recv from 0, data =  Packet: 157
0 ack 0, seq =  156
0 send to 0, data =  Packet: 158
0 recv from 0, data =  Packet: 158
0 ack 0, seq =  157
0 send to 0, data =  Packet: 159
0 recv from 0, data =  Packet: 159
0 ack 0, seq =  158
0 send to 0, data =  Packet: 160
0 recv from 0, data =  Packet: 160
0 ack 0, seq =  159
0 send to 0, data =  Packet: 161
0 recv from 0, data =  Packet: 161
0 ack 0, seq =  160
0 send to 0, data =  Packet: 162
0 recv from 0, data =  Packet: 162
0 ack 0, seq =  161
0 send to 0, data =  Packet: 163
0 recv from 0, data =  Packet: 163
0 ack 0, seq =  162
0 send to 0, data =  Packet: 164
0 recv from 0, data =  Packet: 164
0 ack 0, seq =  163
0 send to 0, data =  Packet: 165
0 recv from 0, data =  Packet: 165
0 ack 0, seq =  164
0 send to 0, data =  Packet: 166
0 recv from 0, data =  Packet: 166
0 ack 0, seq =  165
0 send to 0, data =  Packet: 167
0 recv from 0, data =  Packet: 167
0 ack 0, seq =  166
0 send to 0, data =  Packet: 168
0 recv from 0, data =  Packet: 168
0 ack 0, seq =  167
0 send to 0, data =  Packet: 169
0 recv from 0, data =  Packet: 169
0 ack 0, seq =  168
0 send to 0, data =  Packet: 170
0 recv from 0, data =  Packet: 170
0 ack 0, seq =  169
0 send to 0, data =  Packet: 171
0 recv from 0, data =  Packet: 171
0 ack 0, seq =  170
0 send to 0, data =  Packet: 172
0 recv from 0, data =  Packet: 172
0 ack 0, seq =  171
0 send to 0, data =  Packet: 173
0 recv from 0, data =  Packet: 173
0 ack 0, seq =  172
0 send to 0, data =  Packet: 174
0 recv from 0, data =  Packet: 174
0 ack 0, seq =  173
0 send to 0, data =  Packet: 175
0 recv from 0, data =  Packet: 175
0 ack 0, seq =  174
0 send to 0, data =  Packet: 176
0 recv from 0, data =  Packet: 176
0 ack 0, seq =  175
0 send to 0, data =  Packet: 177
0 recv from 0, data =  Packet: 177
0 ack 0, seq =  176
0 send to 0, data =  Packet: 178
0 recv from 0, data =  Packet: 178
0 ack 0, seq =  177
0 send to 0, data =  Packet: 179
0 recv from 0, data =  Packet: 179
0 ack 0, seq =  178
0 send to 0, data =  Packet: 180
0 recv from 0, data =  Packet: 180
0 ack 0, seq =  179
0 send to 0, data =  Packet: 181
0 recv from 0, data =  Packet: 181
0 ack 0, seq =  180
0 send to 0, data =  Packet: 182
0 recv from 0, data =  Packet: 182
0 ack 0, seq =  181
0 send to 0, data =  Packet: 183
0 recv from 0, data =  Packet: 183
0 ack 0, seq =  182
0 send to 0, data =  Packet: 184
0 recv from 0, data =  Packet: 184
0 ack 0, seq =  183
0 send to 0, data =  Packet: 185
0 recv from 0, data =  Packet: 185
0 ack 0, seq =  184
0 send to 0, data =  Packet: 186
0 recv from 0, data =  Packet: 186
0 ack 0, seq =  185
0 send to 0, data =  Packet: 187
0 recv from 0, data =  Packet: 187
0 ack 0, seq =  186
0 send to 0, data =  Packet: 188
0 recv from 0, data =  Packet: 188
0 ack 0, seq =  187
0 send to 0, data =  Packet: 189
0 recv from 0, data =  Packet: 189
0 ack 0, seq =  188
0 send to 0, data =  Packet: 190
0 recv from 0, data =  Packet: 190
0 ack 0, seq =  189
0 send to 0, data =  Packet: 191
0 recv from 0, data =  Packet: 191
0 ack 0, seq =  190
0 send to 0, data =  Packet: 192
0 recv from 0, data =  Packet: 192
0 ack 0, seq =  191
0 send to 0, data =  Packet: 193
0 recv from 0, data =  Packet: 193
0 ack 0, seq =  192
0 send to 0, data =  Packet: 194
0 recv from 0, data =  Packet: 194
0 ack 0, seq =  193
0 send to 0, data =  Packet: 195
0 recv from 0, data =  Packet: 195
0 ack 0, seq =  194
0 send to 0, data =  Packet: 196
0 recv from 0, data =  Packet: 196
0 ack 0, seq =  195
0 send to 0, data =  Packet: 197
0 recv from 0, data =  Packet: 197
0 ack 0, seq =  196
0 send to 0, data =  Packet: 198
0 recv from 0, data =  Packet: 198
0 ack 0, seq =  197
0 send to 0, data =  Packet: 199
0 recv from 0, data =  Packet: 199
0 ack 0, seq =  198
0 send to 0, data =  Packet: 200
0 recv from 0, data =  Packet: 200
0 ack 0, seq =  199
0 send to 0, data =  Packet: 201
0 recv from 0, data =  Packet: 201
0 ack 0, seq =  200
0 send to 0, data =  Packet: 202
0 recv from 0, data =  Packet: 202
0 ack 0, seq =  201
0 send to 0, data =  Packet: 203
0 recv from 0, data =  Packet: 203
0 ack 0, seq =  202
0 send to 0, data =  Packet: 204
0 recv from 0, data =  Packet: 204
0 ack 0, seq =  203
0 send to 0, data =  Packet: 205
0 recv from 0, data =  Packet: 205
0 ack 0, seq =  204
0 send to 0, data =  Packet: 206
0 recv from 0, data =  Packet: 206
0 ack 0, seq =  205
0 send to 0, data =  Packet: 207
0 recv from 0, data =  Packet: 207
0 ack 0, seq =  206
0 send to 0, data =  Packet: 208
0 recv from 0, data =  Packet: 208
0 ack 0, seq =  207
0 send to 0, data =  Packet: 209
0 recv from 0, data =  Packet: 209
0 ack 0, seq =  208
0 send to 0, data =  Packet: 210
0 recv from 0, data =  Packet: 210
0 ack 0, seq =  209
0 send to 0, data =  Packet: 211
0 recv from 0, data =  Packet: 211
0 ack 0, seq =  210
0 send to 0, data =  Packet: 212
0 recv from 0, data =  Packet: 212
0 ack 0, seq =  211
0 send to 0, data =  Packet: 213
0 recv from 0, data =  Packet: 213
0 ack 0, seq =  212
0 send to 0, data =  Packet: 214
0 recv from 0, data =  Packet: 214
0 ack 0, seq =  213
0 send to 0, data =  Packet: 215
0 recv from 0, data =  Packet: 215
0 ack 0, seq =  214
0 send to 0, data =  Packet: 216
0 recv from 0, data =  Packet: 216
0 ack 0, seq =  215
0 send to 0, data =  Packet: 217
0 recv from 0, data =  Packet: 217
0 ack 0, seq =  216
0 send to 0, data =  Packet: 218
0 recv from 0, data =  Packet: 218
0 ack 0, seq =  217
0 send to 0, data =  Packet: 219
0 recv from 0, data =  Packet: 219
0 ack 0, seq =  218
0 send to 0, data =  Packet: 220
0 recv from 0, data =  Packet: 220
0 ack 0, seq =  219
0 send to 0, data =  Packet: 221
0 recv from 0, data =  Packet: 221
0 ack 0, seq =  220
0 send to 0, data =  Packet: 222
0 recv from 0, data =  Packet: 222
0 ack 0, seq =  221
0 send to 0, data =  Packet: 223
0 recv from 0, data =  Packet: 223
0 ack 0, seq =  222
0 send to 0, data =  Packet: 224
0 recv from 0, data =  Packet: 224
0 ack 0, seq =  223
0 send to 0, data =  Packet: 225
0 recv from 0, data =  Packet: 225
0 ack 0, seq =  224
0 send to 0, data =  Packet: 226
0 recv from 0, data =  Packet: 226
0 ack 0, seq =  225
0 send to 0, data =  Packet: 227
0 recv from 0, data =  Packet: 227
0 ack 0, seq =  226
0 send to 0, data =  Packet: 228
0 recv from 0, data =  Packet: 228
0 ack 0, seq =  227
0 send to 0, data =  Packet: 229
0 recv from 0, data =  Packet: 229
0 ack 0, seq =  228
0 send to 0, data =  Packet: 230
0 recv from 0, data =  Packet: 230
0 ack 0, seq =  229
0 send to 0, data =  Packet: 231
0 recv from 0, data =  Packet: 231
0 ack 0, seq =  230
0 send to 0, data =  Packet: 232
0 recv from 0, data =  Packet: 232
0 ack 0, seq =  231
0 send to 0, data =  Packet: 233
0 recv from 0, data =  Packet: 233
0 ack 0, seq =  232
0 send to 0, data =  Packet: 234
0 recv from 0, data =  Packet: 234
0 ack 0, seq =  233
0 send to 0, data =  Packet: 235
0 recv from 0, data =  Packet: 235
0 ack 0, seq =  234
0 send to 0, data =  Packet: 236
0 recv from 0, data =  Packet: 236
0 ack 0, seq =  235
0 send to 0, data =  Packet: 237
0 recv from 0, data =  Packet: 237
0 ack 0, seq =  236
0 send to 0, data =  Packet: 238
0 recv from 0, data =  Packet: 238
0 ack 0, seq =  237
0 send to 0, data =  Packet: 239
0 recv from 0, data =  Packet: 239
0 ack 0, seq =  238
0 send to 0, data =  Packet: 240
0 recv from 0, data =  Packet: 240
0 ack 0, seq =  239
0 send to 0, data =  Packet: 241
0 recv from 0, data =  Packet: 241
0 ack 0, seq =  240
0 send to 0, data =  Packet: 242
0 recv from 0, data =  Packet: 242
0 ack 0, seq =  241
0 send to 0, data =  Packet: 243
0 recv from 0, data =  Packet: 243
0 ack 0, seq =  242
0 send to 0, data =  Packet: 244
0 recv from 0, data =  Packet: 244
0 ack 0, seq =  243
0 send to 0, data =  Packet: 245
0 recv from 0, data =  Packet: 245
0 ack 0, seq =  244
0 send to 0, data =  Packet: 246
0 recv from 0, data =  Packet: 246
0 ack 0, seq =  245
0 send to 0, data =  Packet: 247
0 recv from 0, data =  Packet: 247
0 ack 0, seq =  246
0 send to 0, data =  Packet: 248
0 recv from 0, data =  Packet: 248
0 ack 0, seq =  247
0 send to 0, data =  Packet: 249
0 recv from 0, data =  Packet: 249
0 ack 0, seq =  248
0 send to 0, data =  Packet: 250
0 recv from 0, data =  Packet: 250
0 ack 0, seq =  249
0 send to 0, data =  Packet: 251
0 recv from 0, data =  Packet: 251
0 ack 0, seq =  250
0 send to 0, data =  Packet: 252
0 recv from 0, data =  Packet: 252
0 ack 0, seq =  251
0 send to 0, data =  Packet: 253
0 recv from 0, data =  Packet: 253
0 ack 0, seq =  252
0 send to 0, data =  Packet: 254
0 recv from 0, data =  Packet: 254
0 ack 0, seq =  253
0 send to 0, data =  Packet: 255
0 recv from 0, data =  Packet: 255
0 ack 0, seq =  254
0 send to 0, data =  Packet: 256
0 recv from 0, data =  Packet: 256
0 ack 0, seq =  255
0 send to 0, data =  Packet: 257
0 recv from 0, data =  Packet: 257
0 ack 0, seq =  0
0 send to 0, data =  Packet: 258
0 recv from 0, data =  Packet: 258
0 ack 0, seq =  1
0 send to 0, data =  Packet: 259
0 recv from 0, data =  Packet: 259
0 ack 0, seq =  2
0 send to 0, data =  Packet: 260
0 recv from 0, data =  Packet: 260
0 ack 0, seq =  3
0 send to 0, data =  Packet: 261
0 recv from 0, data =  Packet: 261
0 ack 0, seq =  4
0 send to 0, data =  Packet: 262
0 recv from 0, data =  Packet: 262
0 ack 0, seq =  5
0 send to 0, data =  Packet: 263
0 recv from 0, data =  Packet: 263
0 ack 0, seq =  6
0 send to 0, data =  Packet: 264
0 recv from 0, data =  Packet: 264
0 ack 0, seq =  7
0 send to 0, data =  Packet: 265
0 recv from 0, data =  Packet: 265
0 ack 0, seq =  8
0 send to 0, data =  Packet: 266
0 recv from 0, data =  Packet: 266
0 ack 0, seq =  9
0 send to 0, data =  Packet: 267
0 recv from 0, data =  Packet: 267
0 ack 0, seq =  10
0 send to 0, data =  Packet: 268
0 recv from 0, data =  Packet: 268
0 ack 0, seq =  11
0 send to 0, data =  Packet: 269
0 recv from 0, data =  Packet: 269
0 ack 0, seq =  12
0 send to 0, data =  Packet: 270
0 recv from 0, data =  Packet: 270
0 ack 0, seq =  13
0 send to 0, data =  Packet: 271
0 recv from 0, data =  Packet: 271
0 ack 0, seq =  14
0 send to 0, data =  Packet: 272
0 recv from 0, data =  Packet: 272
0 ack 0, seq =  15
0 send to 0, data =  Packet: 273
0 recv from 0, data =  Packet: 273
0 ack 0, seq =  16
0 send to 0, data =  Packet: 274
0 recv from 0, data =  Packet: 274
0 ack 0, seq =  17
0 send to 0, data =  Packet: 275
0 recv from 0, data =  Packet: 275
0 ack 0, seq =  18
0 send to 0, data =  Packet: 276
0 recv from 0, data =  Packet: 276
0 ack 0, seq =  19
0 send to 0, data =  Packet: 277
0 recv from 0, data =  Packet: 277
0 ack 0, seq =  20
0 send to 0, data =  Packet: 278
0 recv from 0, data =  Packet: 278
0 ack 0, seq =  21
0 send to 0, data =  Packet: 279
0 recv from 0, data =  Packet: 279
0 ack 0, seq =  22
0 send to 0, data =  Packet: 280
0 recv from 0, data =  Packet: 280
0 ack 0, seq =  23
0 send to 0, data =  Packet: 281
0 recv from 0, data =  Packet: 281
0 ack 0, seq =  24
0 send to 0, data =  Packet: 282
0 recv from 0, data =  Packet: 282
0 ack 0, seq =  25
0 send to 0, data =  Packet: 283
0 recv from 0, data =  Packet: 283
0 ack 0, seq =  26
0 send to 0, data =  Packet: 284
0 recv from 0, data =  Packet: 284
0 ack 0, seq =  27
0 send to 0, data =  Packet: 285
0 recv from 0, data =  Packet: 285
0 ack 0, seq =  28
0 send to 0, data =  Packet: 286
0 recv from 0, data =  Packet: 286
0 ack 0, seq =  29
0 send to 0, data =  Packet: 287
0 recv from 0, data =  Packet: 287
0 ack 0, seq =  30
0 send to 0, data =  Packet: 288
0 recv from 0, data =  Packet: 288
0 ack 0, seq =  31
0 send to 0, data =  Packet: 289
0 recv from 0, data =  Packet: 289
0 ack 0, seq =  32
0 send to 0, data =  Packet: 290
0 recv from 0, data =  Packet: 290
0 ack 0, seq =  33
0 send to 0, data =  Packet: 291
0 recv from 0, data =  Packet: 291
0 ack 0, seq =  34
0 send to 0, data =  Packet: 292
0 recv from 0, data =  Packet: 292
0 ack 0, seq =  35
0 send to 0, data =  Packet: 293
0 recv from 0, data =  Packet: 293
0 ack 0, seq =  36
0 send to 0, data =  Packet: 294
0 recv from 0, data =  Packet: 294
0 ack 0, seq =  37
0 send to 0, data =  Packet: 295
0 recv from 0, data =  Packet: 295
0 ack 0, seq =  38
0 send to 0, data =  Packet: 296
0 recv from 0, data =  Packet: 296
0 ack 0, seq =  39
0 send to 0, data =  Packet: 297
0 recv from 0, data =  Packet: 297
0 ack 0, seq =  40
0 send to 0, data =  Packet: 298
0 recv from 0, data =  Packet: 298
0 ack 0, seq =  41
0 send to 0, data =  Packet: 299
0 recv from 0, data =  Packet: 299
0 ack 0, seq =  42
0 send to 0, data =  Packet: 300
0 recv from 0, data =  Packet: 300
0 ack 0, seq =  43
0 send to 0, data =  Packet: 301
0 recv from 0, data =  Packet: 301
0 ack 0, seq =  44
0 send to 0, data =  Packet: 302
0 recv from 0, data =  Packet: 302
0 ack 0, seq =  45
0 send to 0, data =  Packet: 303
0 recv from 0, data =  Packet: 303
0 ack 0, seq =  46
0 send to 0, data =  Packet: 304
0 recv from 0, data =  Packet: 304
0 ack 0, seq =  47
0 send to 0, data =  Packet: 305
0 recv from 0, data =  Packet: 305
0 ack 0, seq =  48
0 send to 0, data =  Packet: 306
0 recv from 0, data =  Packet: 306
0 ack 0, seq =  49
0 send to 0, data =  Packet: 307
0 recv from 0, data =  Packet: 307
0 ack 0, seq =  50
0 send to 0, data =  Packet: 308
0 recv from 0, data =  Packet: 308
0 ack 0, seq =  51
0 send to 0, data =  Packet: 309
0 recv from 0, data =  Packet: 309
0 ack 0, seq =  52
0 send to 0, data =  Packet: 310
0 recv from 0, data =  Packet: 310
0 ack 0, seq =  53
0 send to 0, data =  Packet: 311
0 recv from 0, data =  Packet: 311
0 ack 0, seq =  54
0 send to 0, data =  Packet: 312
0 recv from 0, data =  Packet: 312
0 ack 0, seq =  55
0 send to 0, data =  Packet: 313
0 recv from 0, data =  Packet: 313
0 ack 0, seq =  56
0 send to 0, data =  Packet: 314
0 recv from 0, data =  Packet: 314
0 ack 0, seq =  57
0 send to 0, data =  Packet: 315
0 recv from 0, data =  Packet: 315
0 ack 0, seq =  58
0 send to 0, data =  Packet: 316
0 recv from 0, data =  Packet: 316
0 ack 0, seq =  59
0 send to 0, data =  Packet: 317
0 recv from 0, data =  Packet: 317
0 ack 0, seq =  60
0 send to 0, data =  Packet: 318
0 recv from 0, data =  Packet: 318
0 ack 0, seq =  61
0 send to 0, data =  Packet: 319
0 recv from 0, data =  Packet: 319
0 ack 0, seq =  62
0 send to 0, data =  Packet: 320
0 recv from 0, data =  Packet: 320
0 ack 0, seq =  63
0 send to 0, data =  Packet: 321
0 recv from 0, data =  Packet: 321
0 ack 0, seq =  64
0 send to 0, data =  Packet: 322
0 recv from 0, data =  Packet: 322
0 ack 0, seq =  65
0 send to 0, data =  Packet: 323
0 recv from 0, data =  Packet: 323
0 ack 0, seq =  66
0 send to 0, data =  Packet: 324
0 recv from 0, data =  Packet: 324
0 ack 0, seq =  67
0 send to 0, data =  Packet: 325
0 recv from 0, data =  Packet: 325
0 ack 0, seq =  68
0 send to 0, data =  Packet: 326
0 recv from 0, data =  Packet: 326
0 ack 0, seq =  69
0 send to 0, data =  Packet: 327
0 recv from 0, data =  Packet: 327
0 ack 0, seq =  70
0 send to 0, data =  Packet: 328
0 recv from 0, data =  Packet: 328
0 ack 0, seq =  71
0 send to 0, data =  Packet: 329
0 recv from 0, data =  Packet: 329
0 ack 0, seq =  72
0 send to 0, data =  Packet: 330
0 recv from 0, data =  Packet: 330
0 ack 0, seq =  73
0 send to 0, data =  Packet: 331
0 recv from 0, data =  Packet: 331
0 ack 0, seq =  74
0 send to 0, data =  Packet: 332
0 recv from 0, data =  Packet: 332
0 ack 0, seq =  75
0 send to 0, data =  Packet: 333
0 recv from 0, data =  Packet: 333
0 ack 0, seq =  76
0 send to 0, data =  Packet: 334
0 recv from 0, data =  Packet: 334
0 ack 0, seq =  77
0 send to 0, data =  Packet: 335
0 recv from 0, data =  Packet: 335
0 ack 0, seq =  78
0 send to 0, data =  Packet: 336
0 recv from 0, data =  Packet: 336
0 ack 0, seq =  79
0 send to 0, data =  Packet: 337
0 recv from 0, data =  Packet: 337
0 ack 0, seq =  80
0 send to 0, data =  Packet: 338
0 recv from 0, data =  Packet: 338
0 ack 0, seq =  81
0 send to 0, data =  Packet: 339
0 recv from 0, data =  Packet: 339
0 ack 0, seq =  82
0 send to 0, data =  Packet: 340
0 recv from 0, data =  Packet: 340
0 ack 0, seq =  83
0 send to 0, data =  Packet: 341
0 recv from 0, data =  Packet: 341
0 ack 0, seq =  84
0 send to 0, data =  Packet: 342
0 recv from 0, data =  Packet: 342
0 ack 0, seq =  85
0 send to 0, data =  Packet: 343
0 recv from 0, data =  Packet: 343
0 ack 0, seq =  86
0 send to 0, data =  Packet: 344
0 recv from 0, data =  Packet: 344
0 ack 0, seq =  87
0 send to 0, data =  Packet: 345
0 recv from 0, data =  Packet: 345
0 ack 0, seq =  88
0 send to 0, data =  Packet: 346
0 recv from 0, data =  Packet: 346
0 ack 0, seq =  89
0 send to 0, data =  Packet: 347
0 recv from 0, data =  Packet: 347
0 ack 0, seq =  90
0 send to 0, data =  Packet: 348
0 recv from 0, data =  Packet: 348
0 ack 0, seq =  91
0 send to 0, data =  Packet: 349
0 recv from 0, data =  Packet: 349
0 ack 0, seq =  92
0 send to 0, data =  Packet: 350
0 recv from 0, data =  Packet: 350
0 ack 0, seq =  93
0 send to 0, data =  Packet: 351
0 recv from 0, data =  Packet: 351
0 ack 0, seq =  94
0 send to 0, data =  Packet: 352
0 recv from 0, data =  Packet: 352
0 ack 0, seq =  95
0 send to 0, data =  Packet: 353
0 recv from 0, data =  Packet: 353
0 ack 0, seq =  96
0 send to 0, data =  Packet: 354
0 recv from 0, data =  Packet: 354
0 ack 0, seq =  97
0 send to 0, data =  Packet: 355
0 recv from 0, data =  Packet: 355
0 ack 0, seq =  98
0 send to 0, data =  Packet: 356
0 recv from 0, data =  Packet: 356
0 ack 0, seq =  99
0 send to 0, data =  Packet: 357
0 recv from 0, data =  Packet: 357
0 ack 0, seq =  100
0 send to 0, data =  Packet: 358
0 recv from 0, data =  Packet: 358
0 ack 0, seq =  101
0 send to 0, data =  Packet: 359
0 recv from 0, data =  Packet: 359
0 ack 0, seq =  102
0 send to 0, data =  Packet: 360
0 recv from 0, data =  Packet: 360
0 ack 0, seq =  103
0 send to 0, data =  Packet: 361
0 recv from 0, data =  Packet: 361
0 ack 0, seq =  104
0 send to 0, data =  Packet: 362
0 recv from 0, data =  Packet: 362
0 ack 0, seq =  105
0 send to 0, data =  Packet: 363
0 recv from 0, data =  Packet: 363
0 ack 0, seq =  106
0 send to 0, data =  Packet: 364
0 recv from 0, data =  Packet: 364
0 ack 0, seq =  107
0 send to 0, data =  Packet: 365
0 recv from 0, data =  Packet: 365
0 ack 0, seq =  108
0 send to 0, data =  Packet: 366
0 recv from 0, data =  Packet: 366
0 ack 0, seq =  109
0 send to 0, data =  Packet: 367
0 recv from 0, data =  Packet: 367
0 ack 0, seq =  110
0 send to 0, data =  Packet: 368
0 recv from 0, data =  Packet: 368
0 ack 0, seq =  111
0 send to 0, data =  Packet: 369
0 recv from 0, data =  Packet: 369
0 ack 0, seq =  112
0 send to 0, data =  Packet: 370
0 recv from 0, data =  Packet: 370
0 ack 0, seq =  113
0 send to 0, data =  Packet: 371
0 recv from 0, data =  Packet: 371
0 ack 0, seq =  114
0 send to 0, data =  Packet: 372
0 recv from 0, data =  Packet: 372
0 ack 0, seq =  115
0 send to 0, data =  Packet: 373
0 recv from 0, data =  Packet: 373
0 ack 0, seq =  116
0 send to 0, data =  Packet: 374
0 recv from 0, data =  Packet: 374
0 ack 0, seq =  117
0 send to 0, data =  Packet: 375
0 recv from 0, data =  Packet: 375
0 ack 0, seq =  118
0 send to 0, data =  Packet: 376
0 recv from 0, data =  Packet: 376
0 ack 0, seq =  119
0 send to 0, data =  Packet: 377
0 recv from 0, data =  Packet: 377
0 ack 0, seq =  120
0 send to 0, data =  Packet: 378
0 recv from 0, data =  Packet: 378
0 ack 0, seq =  121
0 send to 0, data =  Packet: 379
0 recv from 0, data =  Packet: 379
0 ack 0, seq =  122
0 send to 0, data =  Packet: 380
0 recv from 0, data =  Packet: 380
0 ack 0, seq =  123
0 send to 0, data =  Packet: 381
0 recv from 0, data =  Packet: 381
0 ack 0, seq =  124
0 send to 0, data =  Packet: 382
0 recv from 0, data =  Packet: 382
0 ack 0, seq =  125
0 send to 0, data =  Packet: 383
0 recv from 0, data =  Packet: 383
0 ack 0, seq =  126
0 send to 0, data =  Packet: 384
0 recv from 0, data =  Packet: 384
0 ack 0, seq =  127
0 send to 0, data =  Packet: 385
0 recv from 0, data =  Packet: 385
0 ack 0, seq =  128
0 send to 0, data =  Packet: 386
0 recv from 0, data =  Packet: 386
0 ack 0, seq =  129
0 send to 0, data =  Packet: 387
0 recv from 0, data =  Packet: 387
0 ack 0, seq =  130
0 send to 0, data =  Packet: 388
0 recv from 0, data =  Packet: 388
0 ack 0, seq =  131
0 send to 0, data =  Packet: 389
0 recv from 0, data =  Packet: 389
0 ack 0, seq =  132
0 send to 0, data =  Packet: 390
0 recv from 0, data =  Packet: 390
0 ack 0, seq =  133
0 send to 0, data =  Packet: 391
0 recv from 0, data =  Packet: 391
0 ack 0, seq =  134
0 send to 0, data =  Packet: 392
0 recv from 0, data =  Packet: 392
0 ack 0, seq =  135
0 send to 0, data =  Packet: 393
0 recv from 0, data =  Packet: 393
0 ack 0, seq =  136
0 send to 0, data =  Packet: 394
0 recv from 0, data =  Packet: 394
0 ack 0, seq =  137
0 send to 0, data =  Packet: 395
0 recv from 0, data =  Packet: 395
0 ack 0, seq =  138
0 send to 0, data =  Packet: 396
0 recv from 0, data =  Packet: 396
0 ack 0, seq =  139
0 send to 0, data =  Packet: 397
0 recv from 0, data =  Packet: 397
0 ack 0, seq =  140
0 send to 0, data =  Packet: 398
0 recv from 0, data =  Packet: 398
0 ack 0, seq =  141
0 send to 0, data =  Packet: 399
0 recv from 0, data =  Packet: 399
0 ack 0, seq =  142
0 send to 0, data =  Packet: 400
0 recv from 0, data =  Packet: 400
0 ack 0, seq =  143
0 send to 0, data =  Packet: 401
0 recv from 0, data =  Packet: 401
0 ack 0, seq =  144
0 send to 0, data =  Packet: 402
0 recv from 0, data =  Packet: 402
0 ack 0, seq =  145
0 send to 0, data =  Packet: 403
0 recv from 0, data =  Packet: 403
0 ack 0, seq =  146
0 send to 0, data =  Packet: 404
0 recv from 0, data =  Packet: 404
0 ack 0, seq =  147
0 send to 0, data =  Packet: 405
0 recv from 0, data =  Packet: 405
0 ack 0, seq =  148
0 send to 0, data =  Packet: 406
0 recv from 0, data =  Packet: 406
0 ack 0, seq =  149
0 send to 0, data =  Packet: 407
0 recv from 0, data =  Packet: 407
0 ack 0, seq =  150
0 send to 0, data =  Packet: 408
0 recv from 0, data =  Packet: 408
0 ack 0, seq =  151
0 send to 0, data =  Packet: 409
0 recv from 0, data =  Packet: 409
0 ack 0, seq =  152
0 send to 0, data =  Packet: 410
0 recv from 0, data =  Packet: 410
0 ack 0, seq =  153
0 send to 0, data =  Packet: 411
0 recv from 0, data =  Packet: 411
0 ack 0, seq =  154
0 send to 0, data =  Packet: 412
0 recv from 0, data =  Packet: 412
0 ack 0, seq =  155
0 send to 0, data =  Packet: 413
0 recv from 0, data =  Packet: 413
0 ack 0, seq =  156
0 send to 0, data =  Packet: 414
0 recv from 0, data =  Packet: 414
0 ack 0, seq =  157
0 send to 0, data =  Packet: 415
0 recv from 0, data =  Packet: 415
0 ack 0, seq =  158
0 send to 0, data =  Packet: 416
0 recv from 0, data =  Packet: 416
0 ack 0, seq =  159
0 send to 0, data =  Packet: 417
0 recv from 0, data =  Packet: 417
0 ack 0, seq =  160
0 send to 0, data =  Packet: 418
0 recv from 0, data =  Packet: 418
0 ack 0, seq =  161
0 send to 0, data =  Packet: 419
0 recv from 0, data =  Packet: 419
0 ack 0, seq =  162
0 send to 0, data =  Packet: 420
0 recv from 0, data =  Packet: 420
0 ack 0, seq =  163
0 send to 0, data =  Packet: 421
0 recv from 0, data =  Packet: 421
0 ack 0, seq =  164
0 send to 0, data =  Packet: 422
0 recv from 0, data =  Packet: 422
0 ack 0, seq =  165
0 send to 0, data =  Packet: 423
0 recv from 0, data =  Packet: 423
0 ack 0, seq =  166
0 send to 0, data =  Packet: 424
0 recv from 0, data =  Packet: 424
0 ack 0, seq =  167
0 send to 0, data =  Packet: 425
0 recv from 0, data =  Packet: 425
0 ack 0, seq =  168
0 send to 0, data =  Packet: 426
0 recv from 0, data =  Packet: 426
0 ack 0, seq =  169
0 send to 0, data =  Packet: 427
0 recv from 0, data =  Packet: 427
0 ack 0, seq =  170
0 send to 0, data =  Packet: 428
0 recv from 0, data =  Packet: 428
0 ack 0, seq =  171
0 send to 0, data =  Packet: 429
0 recv from 0, data =  Packet: 429
0 ack 0, seq =  172
0 send to 0, data =  Packet: 430
0 recv from 0, data =  Packet: 430
0 ack 0, seq =  173
0 send to 0, data =  Packet: 431
0 recv from 0, data =  Packet: 431
0 ack 0, seq =  174
0 send to 0, data =  Packet: 432
0 recv from 0, data =  Packet: 432
0 ack 0, seq =  175
0 send to 0, data =  Packet: 433
0 recv from 0, data =  Packet: 433
0 ack 0, seq =  176
0 send to 0, data =  Packet: 434
0 recv from 0, data =  Packet: 434
0 ack 0, seq =  177
0 send to 0, data =  Packet: 435
0 recv from 0, data =  Packet: 435
0 ack 0, seq =  178
0 send to 0, data =  Packet: 436
0 recv from 0, data =  Packet: 436
0 ack 0, seq =  179
0 send to 0, data =  Packet: 437
0 recv from 0, data =  Packet: 437
0 ack 0, seq =  180
0 send to 0, data =  Packet: 438
0 recv from 0, data =  Packet: 438
0 ack 0, seq =  181
0 send to 0, data =  Packet: 439
0 recv from 0, data =  Packet: 439
0 ack 0, seq =  182
0 send to 0, data =  Packet: 440
0 recv from 0, data =  Packet: 440
0 ack 0, seq =  183
0 send to 0, data =  Packet: 441
0 recv from 0, data =  Packet: 441
0 ack 0, seq =  184
0 send to 0, data =  Packet: 442
0 recv from 0, data =  Packet: 442
0 ack 0, seq =  185
0 send to 0, data =  Packet: 443
0 recv from 0, data =  Packet: 443
0 ack 0, seq =  186
0 send to 0, data =  Packet: 444
0 recv from 0, data =  Packet: 444
0 ack 0, seq =  187
0 send to 0, data =  Packet: 445
0 recv from 0, data =  Packet: 445
0 ack 0, seq =  188
0 send to 0, data =  Packet: 446
0 recv from 0, data =  Packet: 446
0 ack 0, seq =  189
0 send to 0, data =  Packet: 447
0 recv from 0, data =  Packet: 447
0 ack 0, seq =  190
0 send to 0, data =  Packet: 448
0 recv from 0, data =  Packet: 448
0 ack 0, seq =  191
0 send to 0, data =  Packet: 449
0 recv from 0, data =  Packet: 449
0 ack 0, seq =  192
0 send to 0, data =  Packet: 450
0 recv from 0, data =  Packet: 450
0 ack 0, seq =  193
0 send to 0, data =  Packet: 451
0 recv from 0, data =  Packet: 451
0 ack 0, seq =  194
0 send to 0, data =  Packet: 452
0 recv from 0, data =  Packet: 452
0 ack 0, seq =  195
0 send to 0, data =  Packet: 453
0 recv from 0, data =  Packet: 453
0 ack 0, seq =  196
0 send to 0, data =  Packet: 454
0 recv from 0, data =  Packet: 454
0 ack 0, seq =  197
0 send to 0, data =  Packet: 455
0 recv from 0, data =  Packet: 455
0 ack 0, seq =  198
0 send to 0, data =  Packet: 456
0 recv from 0, data =  Packet: 456
0 ack 0, seq =  199
0 send to 0, data =  Packet: 457
0 recv from 0, data =  Packet: 457
0 ack 0, seq =  200
0 send to 0, data =  Packet: 458
0 recv from 0, data =  Packet: 458
0 ack 0, seq =  201
0 send to 0, data =  Packet: 459
0 recv from 0, data =  Packet: 459
0 ack 0, seq =  202
0 send to 0, data =  Packet: 460
0 recv from 0, data =  Packet: 460
0 ack 0, seq =  203
0 send to 0, data =  Packet: 461
0 recv from 0, data =  Packet: 461
0 ack 0, seq =  204
0 send to 0, data =  Packet: 462
0 recv from 0, data =  Packet: 462
0 ack 0, seq =  205
0 send to 0, data =  Packet: 463
0 recv from 0, data =  Packet: 463
0 ack 0, seq =  206
0 send to 0, data =  Packet: 464
0 recv from 0, data =  Packet: 464
0 ack 0, seq =  207
0 send to 0, data =  Packet: 465
0 recv from 0, data =  Packet: 465
0 ack 0, seq =  208
0 send to 0, data =  Packet: 466
0 recv from 0, data =  Packet: 466
0 ack 0, seq =  209
0 send to 0, data =  Packet: 467
0 recv from 0, data =  Packet: 467
0 ack 0, seq =  210
0 send to 0, data =  Packet: 468
0 recv from 0, data =  Packet: 468
0 ack 0, seq =  211
0 send to 0, data =  Packet: 469
0 recv from 0, data =  Packet: 469
0 ack 0, seq =  212
0 send to 0, data =  Packet: 470
0 recv from 0, data =  Packet: 470
0 ack 0, seq =  213
0 send to 0, data =  Packet: 471
0 recv from 0, data =  Packet: 471
0 ack 0, seq =  214
0 send to 0, data =  Packet: 472
0 recv from 0, data =  Packet: 472
0 ack 0, seq =  215
0 send to 0, data =  Packet: 473
0 recv from 0, data =  Packet: 473
0 ack 0, seq =  216
0 send to 0, data =  Packet: 474
0 recv from 0, data =  Packet: 474
0 ack 0, seq =  217
0 send to 0, data =  Packet: 475
0 recv from 0, data =  Packet: 475
0 ack 0, seq =  218
0 send to 0, data =  Packet: 476
0 recv from 0, data =  Packet: 476
0 ack 0, seq =  219
0 send to 0, data =  Packet: 477
0 recv from 0, data =  Packet: 477
0 ack 0, seq =  220
0 send to 0, data =  Packet: 478
0 recv from 0, data =  Packet: 478
0 ack 0, seq =  221
0 send to 0, data =  Packet: 479
0 recv from 0, data =  Packet: 479
0 ack 0, seq =  222
0 send to 0, data =  Packet: 480
0 recv from 0, data =  Packet: 480
0 ack 0, seq =  223
0 send to 0, data =  Packet: 481
0 recv from 0, data =  Packet: 481
0 ack 0, seq =  224
0 send to 0, data =  Packet: 482
0 recv from 0, data =  Packet: 482
0 ack 0, seq =  225
0 send to 0, data =  Packet: 483
0 recv from 0, data =  Packet: 483
0 ack 0, seq =  226
0 send to 0, data =  Packet: 484
0 recv from 0, data =  Packet: 484
0 ack 0, seq =  227
0 send to 0, data =  Packet: 485
0 recv from 0, data =  Packet: 485
0 ack 0, seq =  228
0 send to 0, data =  Packet: 486
0 recv from 0, data =  Packet: 486
0 ack 0, seq =  229
0 send to 0, data =  Packet: 487
0 recv from 0, data =  Packet: 487
0 ack 0, seq =  230
0 send to 0, data =  Packet: 488
0 recv from 0, data =  Packet: 488
0 ack 0, seq =  231
0 send to 0, data =  Packet: 489
0 recv from 0, data =  Packet: 489
0 ack 0, seq =  232
0 send to 0, data =  Packet: 490
0 recv from 0, data =  Packet: 490
0 ack 0, seq =  233
0 send to 0, data =  Packet: 491
0 recv from 0, data =  Packet: 491
0 ack 0, seq =  234
0 send to 0, data =  Packet: 492
0 recv from 0, data =  Packet: 492
0 ack 0, seq =  235
0 send to 0, data =  Packet: 493
0 recv from 0, data =  Packet: 493
0 ack 0, seq =  236
0 send to 0, data =  Packet: 494
0 recv from 0, data =  Packet: 494
0 ack 0, seq =  237
0 send to 0, data =  Packet: 495
0 recv from 0, data =  Packet: 495
0 ack 0, seq =  238
0 send to 0, data =  Packet: 496
0 recv from 0, data =  Packet: 496
0 ack 0, seq =  239
0 send to 0, data =  Packet: 497
0 recv from 0, data =  Packet: 497
0 ack 0, seq =  240
0 send to 0, data =  Packet: 498
0 recv from 0, data =  Packet: 498
0 ack 0, seq =  241
0 send to 0, data =  Packet: 499
0 recv from 0, data =  Packet: 499
0 ack 0, seq =  242
0 send to 0, data =  Packet: 500
0 recv from 0, data =  Packet: 500
0 ack 0, seq =  243
0 send to 0, data =  Packet: 501
0 recv from 0, data =  Packet: 501
0 ack 0, seq =  244
0 send to 0, data =  Packet: 502
0 recv from 0, data =  Packet: 502
0 ack 0, seq =  245
0 send to 0, data =  Packet: 503
0 recv from 0, data =  Packet: 503
0 ack 0, seq =  246
0 send to 0, data =  Packet: 504
0 recv from 0, data =  Packet: 504
0 ack 0, seq =  247
0 send to 0, data =  Packet: 505
0 recv from 0, data =  Packet: 505
0 ack 0, seq =  248
0 send to 0, data =  Packet: 506
0 recv from 0, data =  Packet: 506
0 ack 0, seq =  249
0 send to 0, data =  Packet: 507
0 recv from 0, data =  Packet: 507
0 ack 0, seq =  250
0 send to 0, data =  Packet: 508
0 recv from 0, data =  Packet: 508
0 ack 0, seq =  251
0 send to 0, data =  Packet: 509
0 recv from 0, data =  Packet: 509
0 ack 0, seq =  252
0 send to 0, data =  Packet: 510
0 recv from 0, data =  Packet: 510
0 ack 0, seq =  253
0 send to 0, data =  Packet: 511
0 recv from 0, data =  Packet: 511
0 ack 0, seq =  254
0 send to 0, data =  Packet: 512
0 recv from 0, data =  Packet: 512
0 ack 0, seq =  255
0 send to 0, data =  Packet: 513
0 recv from 0, data =  Packet: 513
0 ack 0, seq =  0
0 send to 0, data =  Packet: 514
0 recv from 0, data =  Packet: 514
0 ack 0, seq =  1
0 send to 0, data =  Packet: 515
0 recv from 0, data =  Packet: 515
0 ack 0, seq =  2
0 send to 0, data =  Packet: 516
0 recv from 0, data =  Packet: 516
0 ack 0, seq =  3
0 send to 0, data =  Packet: 517
0 recv from 0, data =  Packet: 517
0 ack 0, seq =  4
0 send to 0, data =  Packet: 518
0 recv from 0, data =  Packet: 518
0 ack 0, seq =  5
0 send to 0, data =  Packet: 519
0 recv from 0, data =  Packet: 519
0 ack 0, seq =  6
0 send to 0, data =  Packet: 520
0 recv from 0, data =  Packet: 520
0 ack 0, seq =  7
0 send to 0, data =  Packet: 521
0 recv from 0, data =  Packet: 521
0 ack 0, seq =  8
0 send to 0, data =  Packet: 522
0 recv from 0, data =  Packet: 522
0 ack 0, seq =  9
0 send to 0, data =  Packet: 523
0 recv from 0, data =  Packet: 523
0 ack 0, seq =  10
0 send to 0, data =  Packet: 524
0 recv from 0, data =  Packet: 524
0 ack 0, seq =  11
0 send to 0, data =  Packet: 525
0 recv from 0, data =  Packet: 525
0 ack 0, seq =  12
0 send to 0, data =  Packet: 526
0 recv from 0, data =  Packet: 526
0 ack 0, seq =  13
0 send to 0, data =  Packet: 527
0 recv from 0, data =  Packet: 527
0 ack 0, seq =  14
0 send to 0, data =  Packet: 528
0 recv from 0, data =  Packet: 528
0 ack 0, seq =  15
0 send to 0, data =  Packet: 529
0 recv from 0, data =  Packet: 529
0 ack 0, seq =  16
0 send to 0, data =  Packet: 530
0 recv from 0, data =  Packet: 530
0 ack 0, seq =  17
0 send to 0, data =  Packet: 531
0 recv from 0, data =  Packet: 531
0 ack 0, seq =  18
0 send to 0, data =  Packet: 532
0 recv from 0, data =  Packet: 532
0 ack 0, seq =  19
0 send to 0, data =  Packet: 533
0 recv from 0, data =  Packet: 533
0 ack 0, seq =  20
0 send to 0, data =  Packet: 534
0 recv from 0, data =  Packet: 534
0 ack 0, seq =  21
0 send to 0, data =  Packet: 535
0 recv from 0, data =  Packet: 535
0 ack 0, seq =  22
0 send to 0, data =  Packet: 536
0 recv from 0, data =  Packet: 536
0 ack 0, seq =  23
0 send to 0, data =  Packet: 537
0 recv from 0, data =  Packet: 537
0 ack 0, seq =  24
0 send to 0, data =  Packet: 538
0 recv from 0, data =  Packet: 538
0 ack 0, seq =  25
0 send to 0, data =  Packet: 539
0 recv from 0, data =  Packet: 539
0 ack 0, seq =  26
0 send to 0, data =  Packet: 540
0 recv from 0, data =  Packet: 540
0 ack 0, seq =  27
0 send to 0, data =  Packet: 541
0 recv from 0, data =  Packet: 541
0 ack 0, seq =  28
0 send to 0, data =  Packet: 542
0 recv from 0, data =  Packet: 542
0 ack 0, seq =  29
0 send to 0, data =  Packet: 543
0 recv from 0, data =  Packet: 543
0 ack 0, seq =  30
0 send to 0, data =  Packet: 544
0 recv from 0, data =  Packet: 544
0 ack 0, seq =  31
0 send to 0, data =  Packet: 545
0 recv from 0, data =  Packet: 545
0 ack 0, seq =  32
0 send to 0, data =  Packet: 546
0 recv from 0, data =  Packet: 546
0 ack 0, seq =  33
0 send to 0, data =  Packet: 547
0 recv from 0, data =  Packet: 547
0 ack 0, seq =  34
0 send to 0, data =  Packet: 548
0 recv from 0, data =  Packet: 548
0 ack 0, seq =  35
0 send to 0, data =  Packet: 549
0 recv from 0, data =  Packet: 549
0 ack 0, seq =  36
0 send to 0, data =  Packet: 550
0 recv from 0, data =  Packet: 550
0 ack 0, seq =  37
0 send to 0, data =  Packet: 551
0 recv from 0, data =  Packet: 551
0 ack 0, seq =  38
0 send to 0, data =  Packet: 552
0 recv from 0, data =  Packet: 552
0 ack 0, seq =  39
0 send to 0, data =  Packet: 553
0 recv from 0, data =  Packet: 553
0 ack 0, seq =  40
0 send to 0, data =  Packet: 554
0 recv from 0, data =  Packet: 554
0 ack 0, seq =  41
0 send to 0, data =  Packet: 555
0 recv from 0, data =  Packet: 555
0 ack 0, seq =  42
0 send to 0, data =  Packet: 556
0 recv from 0, data =  Packet: 556
0 ack 0, seq =  43
0 send to 0, data =  Packet: 557
0 recv from 0, data =  Packet: 557
0 ack 0, seq =  44
0 send to 0, data =  Packet: 558
0 recv from 0, data =  Packet: 558
0 ack 0, seq =  45
0 send to 0, data =  Packet: 559
0 recv from 0, data =  Packet: 559
0 ack 0, seq =  46
0 send to 0, data =  Packet: 560
0 recv from 0, data =  Packet: 560
0 ack 0, seq =  47
0 send to 0, data =  Packet: 561
0 recv from 0, data =  Packet: 561
0 ack 0, seq =  48
0 send to 0, data =  Packet: 562
0 recv from 0, data =  Packet: 562
0 ack 0, seq =  49
0 send to 0, data =  Packet: 563
0 recv from 0, data =  Packet: 563
0 ack 0, seq =  50
0 send to 0, data =  Packet: 564
0 recv from 0, data =  Packet: 564
0 ack 0, seq =  51
0 send to 0, data =  Packet: 565
0 recv from 0, data =  Packet: 565
0 ack 0, seq =  52
0 send to 0, data =  Packet: 566
0 recv from 0, data =  Packet: 566
0 ack 0, seq =  53
0 send to 0, data =  Packet: 567
0 recv from 0, data =  Packet: 567
0 ack 0, seq =  54
0 send to 0, data =  Packet: 568
0 recv from 0, data =  Packet: 568
0 ack 0, seq =  55
0 send to 0, data =  Packet: 569
0 recv from 0, data =  Packet: 569
0 ack 0, seq =  56
0 send to 0, data =  Packet: 570
0 recv from 0, data =  Packet: 570
0 ack 0, seq =  57
0 send to 0, data =  Packet: 571
0 recv from 0, data =  Packet: 571
0 ack 0, seq =  58
0 send to 0, data =  Packet: 572
0 recv from 0, data =  Packet: 572
0 ack 0, seq =  59
0 send to 0, data =  Packet: 573
0 recv from 0, data =  Packet: 573
0 ack 0, seq =  60
0 send to 0, data =  Packet: 574
0 recv from 0, data =  Packet: 574
0 ack 0, seq =  61
0 send to 0, data =  Packet: 575
0 recv from 0, data =  Packet: 575
0 ack 0, seq =  62
0 send to 0, data =  Packet: 576
0 recv from 0, data =  Packet: 576
0 ack 0, seq =  63
0 send to 0, data =  Packet: 577
0 recv from 0, data =  Packet: 577
0 ack 0, seq =  64
0 send to 0, data =  Packet: 578
0 recv from 0, data =  Packet: 578
0 ack 0, seq =  65
0 send to 0, data =  Packet: 579
0 recv from 0, data =  Packet: 579
0 ack 0, seq =  66
0 send to 0, data =  Packet: 580
0 recv from 0, data =  Packet: 580
0 ack 0, seq =  67
0 send to 0, data =  Packet: 581
0 recv from 0, data =  Packet: 581
0 ack 0, seq =  68
0 send to 0, data =  Packet: 582
0 recv from 0, data =  Packet: 582
0 ack 0, seq =  69
0 send to 0, data =  Packet: 583
0 recv from 0, data =  Packet: 583
0 ack 0, seq =  70
0 send to 0, data =  Packet: 584
0 recv from 0, data =  Packet: 584
0 ack 0, seq =  71
0 send to 0, data =  Packet: 585
0 recv from 0, data =  Packet: 585
0 ack 0, seq =  72
0 send to 0, data =  Packet: 586
0 recv from 0, data =  Packet: 586
0 ack 0, seq =  73
0 send to 0, data =  Packet: 587
0 recv from 0, data =  Packet: 587
0 ack 0, seq =  74
0 send to 0, data =  Packet: 588
0 recv from 0, data =  Packet: 588
0 ack 0, seq =  75
0 send to 0, data =  Packet: 589
0 recv from 0, data =  Packet: 589
0 ack 0, seq =  76
0 send to 0, data =  Packet: 590
0 recv from 0, data =  Packet: 590
0 ack 0, seq =  77
0 send to 0, data =  Packet: 591
0 recv from 0, data =  Packet: 591
0 ack 0, seq =  78
0 send to 0, data =  Packet: 592
0 recv from 0, data =  Packet: 592
0 ack 0, seq =  79
0 send to 0, data =  Packet: 593
0 recv from 0, data =  Packet: 593
0 ack 0, seq =  80
0 send to 0, data =  Packet: 594
0 recv from 0, data =  Packet: 594
0 ack 0, seq =  81
0 send to 0, data =  Packet: 595
0 recv from 0, data =  Packet: 595
0 ack 0, seq =  82
0 send to 0, data =  Packet: 596
0 recv from 0, data =  Packet: 596
0 ack 0, seq =  83
0 send to 0, data =  Packet: 597
0 recv from 0, data =  Packet: 597
0 ack 0, seq =  84
0 send to 0, data =  Packet: 598
0 recv from 0, data =  Packet: 598
0 ack 0, seq =  85
0 send to 0, data =  Packet: 599
0 recv from 0, data =  Packet: 599
0 ack 0, seq =  86
0 send to 0, data =  Packet: 600
0 recv from 0, data =  Packet: 600
0 ack 0, seq =  87
